Warning[205] C:\USERS\YAN\MPLABXPROJECTS\LAB3_2.X\NEWASMTEMPLATE.ASM 1 : Found directive in column 1. (LIST)
Warning[205] C:\USERS\YAN\MPLABXPROJECTS\LAB3_2.X\NEWASMTEMPLATE.ASM 3 : Found directive in column 1. (CONFIG)
Warning[205] C:\USERS\YAN\MPLABXPROJECTS\LAB3_2.X\NEWASMTEMPLATE.ASM 4 : Found directive in column 1. (CONFIG)
Warning[205] C:\USERS\YAN\MPLABXPROJECTS\LAB3_2.X\NEWASMTEMPLATE.ASM 6 : Found directive in column 1. (org)
Warning[203] C:\USERS\YAN\MPLABXPROJECTS\LAB3_2.X\NEWASMTEMPLATE.ASM 7 : Found opcode in column 1. (clrf)
Warning[203] C:\USERS\YAN\MPLABXPROJECTS\LAB3_2.X\NEWASMTEMPLATE.ASM 8 : Found opcode in column 1. (clrf)
Warning[203] C:\USERS\YAN\MPLABXPROJECTS\LAB3_2.X\NEWASMTEMPLATE.ASM 9 : Found opcode in column 1. (clrf)
Warning[203] C:\USERS\YAN\MPLABXPROJECTS\LAB3_2.X\NEWASMTEMPLATE.ASM 10 : Found opcode in column 1. (clrf)
Warning[203] C:\USERS\YAN\MPLABXPROJECTS\LAB3_2.X\NEWASMTEMPLATE.ASM 11 : Found opcode in column 1. (clrf)
Warning[203] C:\USERS\YAN\MPLABXPROJECTS\LAB3_2.X\NEWASMTEMPLATE.ASM 13 : Found opcode in column 1. (movlw)
Warning[203] C:\USERS\YAN\MPLABXPROJECTS\LAB3_2.X\NEWASMTEMPLATE.ASM 14 : Found opcode in column 1. (movwf)
Warning[203] C:\USERS\YAN\MPLABXPROJECTS\LAB3_2.X\NEWASMTEMPLATE.ASM 15 : Found opcode in column 1. (rlncf)
Warning[203] C:\USERS\YAN\MPLABXPROJECTS\LAB3_2.X\NEWASMTEMPLATE.ASM 16 : Found opcode in column 1. (rlncf)
Warning[203] C:\USERS\YAN\MPLABXPROJECTS\LAB3_2.X\NEWASMTEMPLATE.ASM 17 : Found opcode in column 1. (rlncf)
Warning[203] C:\USERS\YAN\MPLABXPROJECTS\LAB3_2.X\NEWASMTEMPLATE.ASM 18 : Found opcode in column 1. (rlncf)
Warning[203] C:\USERS\YAN\MPLABXPROJECTS\LAB3_2.X\NEWASMTEMPLATE.ASM 19 : Found opcode in column 1. (movlw)
Warning[203] C:\USERS\YAN\MPLABXPROJECTS\LAB3_2.X\NEWASMTEMPLATE.ASM 21 : Found opcode in column 1. (movwf)
Warning[203] C:\USERS\YAN\MPLABXPROJECTS\LAB3_2.X\NEWASMTEMPLATE.ASM 25 : Found opcode in column 1. (movlw)
Warning[203] C:\USERS\YAN\MPLABXPROJECTS\LAB3_2.X\NEWASMTEMPLATE.ASM 26 : Found opcode in column 1. (movwf)
Warning[203] C:\USERS\YAN\MPLABXPROJECTS\LAB3_2.X\NEWASMTEMPLATE.ASM 28 : Found opcode in column 1. (movff)
Warning[205] C:\USERS\YAN\MPLABXPROJECTS\LAB3_2.X\NEWASMTEMPLATE.ASM 40 : Found directive in column 1. (end)
