Warning[205] C:\USERS\YAN\MPLABXPROJECTS\LAB6.X\NEWASMTEMPLATE.ASM 1 : Found directive in column 1. (LIST)
Warning[205] C:\USERS\YAN\MPLABXPROJECTS\LAB6.X\NEWASMTEMPLATE.ASM 3 : Found directive in column 1. (CONFIG)
Warning[205] C:\USERS\YAN\MPLABXPROJECTS\LAB6.X\NEWASMTEMPLATE.ASM 4 : Found directive in column 1. (CONFIG)
Warning[205] C:\USERS\YAN\MPLABXPROJECTS\LAB6.X\NEWASMTEMPLATE.ASM 5 : Found directive in column 1. (CONFIG)
Warning[207] C:\USERS\YAN\MPLABXPROJECTS\LAB6.X\NEWASMTEMPLATE.ASM 8 : Found label after column 1. (L1)
Warning[207] C:\USERS\YAN\MPLABXPROJECTS\LAB6.X\NEWASMTEMPLATE.ASM 9 : Found label after column 1. (L2)
Warning[205] C:\USERS\YAN\MPLABXPROJECTS\LAB6.X\NEWASMTEMPLATE.ASM 31 : Found directive in column 1. (ENDM)
Warning[203] C:\USERS\YAN\MPLABXPROJECTS\LAB6.X\NEWASMTEMPLATE.ASM 33 : Found opcode in column 1. (clrf)
Warning[203] C:\USERS\YAN\MPLABXPROJECTS\LAB6.X\NEWASMTEMPLATE.ASM 34 : Found opcode in column 1. (clrf)
Warning[203] C:\USERS\YAN\MPLABXPROJECTS\LAB6.X\NEWASMTEMPLATE.ASM 35 : Found opcode in column 1. (bsf)
Warning[203] C:\USERS\YAN\MPLABXPROJECTS\LAB6.X\NEWASMTEMPLATE.ASM 36 : Found opcode in column 1. (clrf)
Warning[203] C:\USERS\YAN\MPLABXPROJECTS\LAB6.X\NEWASMTEMPLATE.ASM 37 : Found opcode in column 1. (clrf)
Warning[203] C:\USERS\YAN\MPLABXPROJECTS\LAB6.X\NEWASMTEMPLATE.ASM 43 : Found opcode in column 1. (movlw)
Warning[203] C:\USERS\YAN\MPLABXPROJECTS\LAB6.X\NEWASMTEMPLATE.ASM 44 : Found opcode in column 1. (movwf)
Warning[206] C:\USERS\YAN\MPLABXPROJECTS\LAB6.X\NEWASMTEMPLATE.ASM 45 : Found call to macro in column 1. (DELAY)
Warning[207] C:\USERS\YAN\MPLABXPROJECTS\LAB6.X\NEWASMTEMPLATE.ASM 19 : Found label after column 1. (LOOP2)
Warning[207] C:\USERS\YAN\MPLABXPROJECTS\LAB6.X\NEWASMTEMPLATE.ASM 22 : Found label after column 1. (LOOP1)
Warning[203] C:\USERS\YAN\MPLABXPROJECTS\LAB6.X\NEWASMTEMPLATE.ASM 47 : Found opcode in column 1. (movlw)
Warning[203] C:\USERS\YAN\MPLABXPROJECTS\LAB6.X\NEWASMTEMPLATE.ASM 48 : Found opcode in column 1. (movwf)
Warning[203] C:\USERS\YAN\MPLABXPROJECTS\LAB6.X\NEWASMTEMPLATE.ASM 49 : Found opcode in column 1. (btfsc)
Warning[203] C:\USERS\YAN\MPLABXPROJECTS\LAB6.X\NEWASMTEMPLATE.ASM 50 : Found opcode in column 1. (bra)
Warning[203] C:\USERS\YAN\MPLABXPROJECTS\LAB6.X\NEWASMTEMPLATE.ASM 53 : Found opcode in column 1. (rlncf)
Warning[206] C:\USERS\YAN\MPLABXPROJECTS\LAB6.X\NEWASMTEMPLATE.ASM 54 : Found call to macro in column 1. (DELAY)
Warning[207] C:\USERS\YAN\MPLABXPROJECTS\LAB6.X\NEWASMTEMPLATE.ASM 19 : Found label after column 1. (LOOP2)
Warning[207] C:\USERS\YAN\MPLABXPROJECTS\LAB6.X\NEWASMTEMPLATE.ASM 22 : Found label after column 1. (LOOP1)
Warning[203] C:\USERS\YAN\MPLABXPROJECTS\LAB6.X\NEWASMTEMPLATE.ASM 56 : Found opcode in column 1. (movlw)
Warning[203] C:\USERS\YAN\MPLABXPROJECTS\LAB6.X\NEWASMTEMPLATE.ASM 57 : Found opcode in column 1. (movwf)
Warning[203] C:\USERS\YAN\MPLABXPROJECTS\LAB6.X\NEWASMTEMPLATE.ASM 58 : Found opcode in column 1. (btfsc)
Warning[203] C:\USERS\YAN\MPLABXPROJECTS\LAB6.X\NEWASMTEMPLATE.ASM 59 : Found opcode in column 1. (bra)
Warning[203] C:\USERS\YAN\MPLABXPROJECTS\LAB6.X\NEWASMTEMPLATE.ASM 62 : Found opcode in column 1. (rlncf)
Warning[203] C:\USERS\YAN\MPLABXPROJECTS\LAB6.X\NEWASMTEMPLATE.ASM 63 : Found opcode in column 1. (rlncf)
Warning[206] C:\USERS\YAN\MPLABXPROJECTS\LAB6.X\NEWASMTEMPLATE.ASM 64 : Found call to macro in column 1. (DELAY)
Warning[207] C:\USERS\YAN\MPLABXPROJECTS\LAB6.X\NEWASMTEMPLATE.ASM 19 : Found label after column 1. (LOOP2)
Warning[207] C:\USERS\YAN\MPLABXPROJECTS\LAB6.X\NEWASMTEMPLATE.ASM 22 : Found label after column 1. (LOOP1)
Warning[203] C:\USERS\YAN\MPLABXPROJECTS\LAB6.X\NEWASMTEMPLATE.ASM 66 : Found opcode in column 1. (movlw)
Warning[203] C:\USERS\YAN\MPLABXPROJECTS\LAB6.X\NEWASMTEMPLATE.ASM 67 : Found opcode in column 1. (movwf)
Warning[203] C:\USERS\YAN\MPLABXPROJECTS\LAB6.X\NEWASMTEMPLATE.ASM 68 : Found opcode in column 1. (btfsc)
Warning[203] C:\USERS\YAN\MPLABXPROJECTS\LAB6.X\NEWASMTEMPLATE.ASM 69 : Found opcode in column 1. (bra)
Warning[203] C:\USERS\YAN\MPLABXPROJECTS\LAB6.X\NEWASMTEMPLATE.ASM 72 : Found opcode in column 1. (rlncf)
Warning[203] C:\USERS\YAN\MPLABXPROJECTS\LAB6.X\NEWASMTEMPLATE.ASM 73 : Found opcode in column 1. (rlncf)
Warning[203] C:\USERS\YAN\MPLABXPROJECTS\LAB6.X\NEWASMTEMPLATE.ASM 74 : Found opcode in column 1. (rlncf)
Warning[206] C:\USERS\YAN\MPLABXPROJECTS\LAB6.X\NEWASMTEMPLATE.ASM 75 : Found call to macro in column 1. (DELAY)
Warning[207] C:\USERS\YAN\MPLABXPROJECTS\LAB6.X\NEWASMTEMPLATE.ASM 19 : Found label after column 1. (LOOP2)
Warning[207] C:\USERS\YAN\MPLABXPROJECTS\LAB6.X\NEWASMTEMPLATE.ASM 22 : Found label after column 1. (LOOP1)
Warning[203] C:\USERS\YAN\MPLABXPROJECTS\LAB6.X\NEWASMTEMPLATE.ASM 77 : Found opcode in column 1. (movlw)
Warning[203] C:\USERS\YAN\MPLABXPROJECTS\LAB6.X\NEWASMTEMPLATE.ASM 78 : Found opcode in column 1. (movwf)
Warning[203] C:\USERS\YAN\MPLABXPROJECTS\LAB6.X\NEWASMTEMPLATE.ASM 79 : Found opcode in column 1. (btfsc)
Warning[203] C:\USERS\YAN\MPLABXPROJECTS\LAB6.X\NEWASMTEMPLATE.ASM 80 : Found opcode in column 1. (bra)
Warning[203] C:\USERS\YAN\MPLABXPROJECTS\LAB6.X\NEWASMTEMPLATE.ASM 83 : Found opcode in column 1. (rlncf)
Warning[203] C:\USERS\YAN\MPLABXPROJECTS\LAB6.X\NEWASMTEMPLATE.ASM 84 : Found opcode in column 1. (rlncf)
Warning[203] C:\USERS\YAN\MPLABXPROJECTS\LAB6.X\NEWASMTEMPLATE.ASM 85 : Found opcode in column 1. (rlncf)
Warning[203] C:\USERS\YAN\MPLABXPROJECTS\LAB6.X\NEWASMTEMPLATE.ASM 86 : Found opcode in column 1. (rlncf)
Warning[206] C:\USERS\YAN\MPLABXPROJECTS\LAB6.X\NEWASMTEMPLATE.ASM 87 : Found call to macro in column 1. (DELAY)
Warning[207] C:\USERS\YAN\MPLABXPROJECTS\LAB6.X\NEWASMTEMPLATE.ASM 19 : Found label after column 1. (LOOP2)
Warning[207] C:\USERS\YAN\MPLABXPROJECTS\LAB6.X\NEWASMTEMPLATE.ASM 22 : Found label after column 1. (LOOP1)
Warning[203] C:\USERS\YAN\MPLABXPROJECTS\LAB6.X\NEWASMTEMPLATE.ASM 89 : Found opcode in column 1. (movlw)
Warning[203] C:\USERS\YAN\MPLABXPROJECTS\LAB6.X\NEWASMTEMPLATE.ASM 90 : Found opcode in column 1. (movwf)
Warning[203] C:\USERS\YAN\MPLABXPROJECTS\LAB6.X\NEWASMTEMPLATE.ASM 91 : Found opcode in column 1. (btfsc)
Warning[203] C:\USERS\YAN\MPLABXPROJECTS\LAB6.X\NEWASMTEMPLATE.ASM 92 : Found opcode in column 1. (bra)
Warning[203] C:\USERS\YAN\MPLABXPROJECTS\LAB6.X\NEWASMTEMPLATE.ASM 93 : Found opcode in column 1. (bra)
Warning[205] C:\USERS\YAN\MPLABXPROJECTS\LAB6.X\NEWASMTEMPLATE.ASM 95 : Found directive in column 1. (end)
