

Microchip MPLAB XC8 Assembler V2.10 build 88905656 
                                                                                               Mon Dec 30 00:21:03 2019

Microchip MPLAB XC8 C Compiler v2.10 (Free license) build 20190730164152 Og1 
     1                           	processor	18F4520
     2                           	fnconf	rparam,??,?,0
     3                           	opt	pw 120
     4                           	opt	flic
     5                           	psect	idataCOMRAM,global,class=CODE,delta=1,noexec
     6                           	psect	nvCOMRAM,global,class=COMRAM,space=1,delta=1,noexec
     7                           	psect	cinit,global,reloc=2,class=CODE,delta=1
     8                           	psect	bssCOMRAM,global,class=COMRAM,space=1,delta=1,noexec
     9                           	psect	dataCOMRAM,global,class=COMRAM,space=1,delta=1,noexec
    10                           	psect	cstackCOMRAM,global,class=COMRAM,space=1,delta=1,noexec
    11                           	psect	text0,global,reloc=2,class=CODE,delta=1
    12                           	psect	text1,global,reloc=2,class=CODE,delta=1
    13                           	psect	intcode,global,reloc=2,class=CODE,delta=1
    14                           	psect	intcode_body,global,reloc=2,class=CODE,delta=1
    15                           	psect	intsave_regs,global,class=BIGRAM,space=1,delta=1,noexec
    16                           	psect	rparam,global,class=COMRAM,space=1,delta=1,noexec
    17                           	psect	temp,global,ovrld,common,class=COMRAM,space=1,delta=1
    18  0000                     
    19                           ; Version 2.10
    20                           ; Generated 31/07/2019 GMT
    21                           ; 
    22                           ; Copyright © 2019, Microchip Technology Inc. and its subsidiaries ("Microchip")
    23                           ; All rights reserved.
    24                           ; 
    25                           ; This software is developed by Microchip Technology Inc. and its subsidiaries ("Microch
      +                          ip").
    26                           ; 
    27                           ; Redistribution and use in source and binary forms, with or without modification, are
    28                           ; permitted provided that the following conditions are met:
    29                           ; 
    30                           ;     1. Redistributions of source code must retain the above copyright notice, this lis
      +                          t of
    31                           ;        conditions and the following disclaimer.
    32                           ; 
    33                           ;     2. Redistributions in binary form must reproduce the above copyright notice, this 
      +                          list
    34                           ;        of conditions and the following disclaimer in the documentation and/or other
    35                           ;        materials provided with the distribution.
    36                           ; 
    37                           ;     3. Microchip's name may not be used to endorse or promote products derived from th
      +                          is
    38                           ;        software without specific prior written permission.
    39                           ; 
    40                           ; THIS SOFTWARE IS PROVIDED BY MICROCHIP "AS IS" AND ANY EXPRESS OR IMPLIED WARRANTIES,
    41                           ; INCLUDING, BUT NOT LIMITED TO, THE IMPLIED WARRANTIES OF MERCHANTABILITY AND FITNESS F
      +                          OR
    42                           ; PURPOSE ARE DISCLAIMED.  IN NO EVENT SHALL MICROCHIP BE LIABLE FOR ANY DIRECT, INDIREC
      +                          T,
    43                           ; INCIDENTAL, SPECIAL, EXEMPLARY, OR CONSEQUENTIAL DAMAGES (INCLUDING BUT NOT LIMITED TO
    44                           ; PROCUREMENT OF SUBSTITUTE GOODS OR SERVICES; LOSS OF USE, DATA OR PROFITS; OR BUSINESS
    45                           ; INTERRUPTION) HOWSOEVER CAUSED AND ON ANY THEORY OF LIABILITY, WHETHER IN CONTRACT, ST
      +                          RICT
    46                           ; LIABILITY, OR TORT (INCLUDING NEGLIGENCE OR OTHERWISE) ARISING IN ANY WAY OUT OF THE U
      +                          SE OF
    47                           ; THIS SOFTWARE, EVEN IF ADVISED OF THE POSSIBILITY OF SUCH DAMAGE.
    48                           ; 
    49                           ; 
    50                           ; Code-generator required, PIC18F4520 Definitions
    51                           ; 
    52                           ; SFR Addresses
    53  0000                     
    54                           	psect	idataCOMRAM
    55  000468                     __pidataCOMRAM:
    56                           	opt callstack 0
    57                           
    58                           ;initializer for _switch_A
    59  000468  0001               	dw	1
    60                           
    61                           	psect	nvCOMRAM
    62  000001                     __pnvCOMRAM:
    63                           	opt callstack 0
    64  000001                     _temp_for_DC2B:
    65                           	opt callstack 0
    66  000001                     	ds	2
    67  000003                     _light_incr:
    68                           	opt callstack 0
    69  000003                     	ds	2
    70  0000                     _TMR1	set	4046
    71  0000                     _PORTDbits	set	3971
    72  0000                     _TRISDbits	set	3989
    73  0000                     _INTCON3bits	set	4080
    74  0000                     _INTCON2bits	set	4081
    75  0000                     _CCP2CONbits	set	4026
    76  0000                     _CCPR2L	set	4027
    77  0000                     _PIR1bits	set	3998
    78  0000                     _IPR1bits	set	3999
    79  0000                     _PIE1bits	set	3997
    80  0000                     _T1CONbits	set	4045
    81  0000                     _CCP1CONbits	set	4029
    82  0000                     _CCPR1L	set	4030
    83  0000                     _PR2	set	4043
    84  0000                     _INTCONbits	set	4082
    85  0000                     _RCONbits	set	4048
    86  0000                     _TMR2	set	4044
    87  0000                     _T2CON	set	4042
    88  0000                     _TRISCbits	set	3988
    89  0000                     _TMR1IF	set	31984
    90                           
    91                           ; #config settings
    92  0000                     
    93                           	psect	cinit
    94  000432                     __pcinit:
    95                           	opt callstack 0
    96  000432                     start_initialization:
    97                           	opt callstack 0
    98  000432                     __initialization:
    99                           	opt callstack 0
   100                           
   101                           ; Initialize objects allocated to COMRAM (2 bytes)
   102                           ; load TBLPTR registers with __pidataCOMRAM
   103  000432  0E68               	movlw	low __pidataCOMRAM
   104  000434  6EF6               	movwf	tblptrl,c
   105  000436  0E04               	movlw	high __pidataCOMRAM
   106  000438  6EF7               	movwf	tblptrh,c
   107  00043A  0E00               	movlw	low (__pidataCOMRAM shr (0+16))
   108  00043C  6EF8               	movwf	tblptru,c
   109  00043E  0009               	tblrd		*+	;fetch initializer
   110  000440  CFF5 F00D          	movff	tablat,__pdataCOMRAM
   111  000444  0009               	tblrd		*+	;fetch initializer
   112  000446  CFF5 F00E          	movff	tablat,__pdataCOMRAM+1
   113                           
   114                           ; Clear objects allocated to COMRAM (4 bytes)
   115  00044A  6A08               	clrf	(__pbssCOMRAM+3)& (0+255),c
   116  00044C  6A07               	clrf	(__pbssCOMRAM+2)& (0+255),c
   117  00044E  6A06               	clrf	(__pbssCOMRAM+1)& (0+255),c
   118  000450  6A05               	clrf	__pbssCOMRAM& (0+255),c
   119  000452                     end_of_initialization:
   120                           	opt callstack 0
   121  000452                     __end_of__initialization:
   122                           	opt callstack 0
   123  000452  900F               	bcf	int$flags,0,c	;clear compiler interrupt flag (level 1)
   124  000454  920F               	bcf	int$flags,1,c	;clear compiler interrupt flag (level 2)
   125  000456  0100               	movlb	0
   126  000458  EF2E  F002         	goto	_main	;jump to C main() function
   127                           
   128                           	psect	bssCOMRAM
   129  000005                     __pbssCOMRAM:
   130                           	opt callstack 0
   131  000005                     _temp_for_DC1B:
   132                           	opt callstack 0
   133  000005                     	ds	2
   134  000007                     _light_decr:
   135                           	opt callstack 0
   136  000007                     	ds	2
   137                           
   138                           	psect	dataCOMRAM
   139  00000D                     __pdataCOMRAM:
   140                           	opt callstack 0
   141  00000D                     _switch_A:
   142                           	opt callstack 0
   143  00000D                     	ds	2
   144                           
   145                           	psect	cstackCOMRAM
   146  000009                     __pcstackCOMRAM:
   147                           	opt callstack 0
   148  000009                     ??_Hi_ISR:
   149                           
   150                           ; 1 bytes @ 0x0
   151  000009                     	ds	2
   152  00000B                     ??_LED_Init:
   153                           
   154                           ; 1 bytes @ 0x2
   155  00000B                     	ds	2
   156  00000D                     
   157                           ; 1 bytes @ 0x4
   158 ;;
   159 ;;Main: autosize = 0, tempsize = 0, incstack = 0, save=0
   160 ;;
   161 ;; *************** function _main *****************
   162 ;; Defined at:
   163 ;;		line 85 in file "breathing_light.c"
   164 ;; Parameters:    Size  Location     Type
   165 ;;		None
   166 ;; Auto vars:     Size  Location     Type
   167 ;;		None
   168 ;; Return value:  Size  Location     Type
   169 ;;                  1    wreg      void 
   170 ;; Registers used:
   171 ;;		wreg, status,2, status,0, cstack
   172 ;; Tracked objects:
   173 ;;		On entry : 0/0
   174 ;;		On exit  : 0/0
   175 ;;		Unchanged: 0/0
   176 ;; Data sizes:     COMRAM   BANK0   BANK1   BANK2   BANK3   BANK4   BANK5
   177 ;;      Params:         0       0       0       0       0       0       0
   178 ;;      Locals:         0       0       0       0       0       0       0
   179 ;;      Temps:          0       0       0       0       0       0       0
   180 ;;      Totals:         0       0       0       0       0       0       0
   181 ;;Total ram usage:        0 bytes
   182 ;; Hardware stack levels required when called:    2
   183 ;; This function calls:
   184 ;;		_LED_Init
   185 ;; This function is called by:
   186 ;;		Startup code after reset
   187 ;; This function uses a non-reentrant model
   188 ;;
   189                           
   190                           	psect	text0
   191  00045C                     __ptext0:
   192                           	opt callstack 0
   193  00045C                     _main:
   194                           	opt callstack 29
   195  00045C                     
   196                           ;breathing_light.c: 86:     LED_Init();
   197  00045C  ECD5  F001         	call	_LED_Init	;wreg free
   198  000460                     l59:
   199  000460  EF30  F002         	goto	l59
   200  000464  EF07  F000         	goto	start
   201  000468                     __end_of_main:
   202                           	opt callstack 0
   203                           
   204 ;; *************** function _LED_Init *****************
   205 ;; Defined at:
   206 ;;		line 90 in file "breathing_light.c"
   207 ;; Parameters:    Size  Location     Type
   208 ;;		None
   209 ;; Auto vars:     Size  Location     Type
   210 ;;		None
   211 ;; Return value:  Size  Location     Type
   212 ;;                  1    wreg      void 
   213 ;; Registers used:
   214 ;;		wreg, status,2, status,0
   215 ;; Tracked objects:
   216 ;;		On entry : 0/0
   217 ;;		On exit  : 0/0
   218 ;;		Unchanged: 0/0
   219 ;; Data sizes:     COMRAM   BANK0   BANK1   BANK2   BANK3   BANK4   BANK5
   220 ;;      Params:         0       0       0       0       0       0       0
   221 ;;      Locals:         0       0       0       0       0       0       0
   222 ;;      Temps:          2       0       0       0       0       0       0
   223 ;;      Totals:         2       0       0       0       0       0       0
   224 ;;Total ram usage:        2 bytes
   225 ;; Hardware stack levels used:    1
   226 ;; Hardware stack levels required when called:    1
   227 ;; This function calls:
   228 ;;		Nothing
   229 ;; This function is called by:
   230 ;;		_main
   231 ;; This function uses a non-reentrant model
   232 ;;
   233                           
   234                           	psect	text1
   235  0003AA                     __ptext1:
   236                           	opt callstack 0
   237  0003AA                     _LED_Init:
   238                           	opt callstack 29
   239  0003AA                     
   240                           ;breathing_light.c: 92:     TRISCbits.TRISC2 = 0;
   241  0003AA  9494               	bcf	148,2,c	;volatile
   242                           
   243                           ;breathing_light.c: 93:     TRISCbits.TRISC1 = 0;
   244  0003AC  9294               	bcf	148,1,c	;volatile
   245  0003AE                     
   246                           ;breathing_light.c: 95:     T2CON = 0x07;
   247  0003AE  0E07               	movlw	7
   248  0003B0  6ECA               	movwf	202,c	;volatile
   249                           
   250                           ;breathing_light.c: 96:     TMR2 = 0;
   251  0003B2  0E00               	movlw	0
   252  0003B4  6ECC               	movwf	204,c	;volatile
   253  0003B6                     
   254                           ;breathing_light.c: 98:     RCONbits.IPEN = 1;
   255  0003B6  8ED0               	bsf	208,7,c	;volatile
   256  0003B8                     
   257                           ;breathing_light.c: 99:     INTCONbits.GIE = 1;
   258  0003B8  8EF2               	bsf	242,7,c	;volatile
   259                           
   260                           ;breathing_light.c: 101:     PR2 = 30;
   261  0003BA  0E1E               	movlw	30
   262  0003BC  6ECB               	movwf	203,c	;volatile
   263                           
   264                           ;breathing_light.c: 102:     CCPR1L = 0;
   265  0003BE  0E00               	movlw	0
   266  0003C0  6EBE               	movwf	190,c	;volatile
   267                           
   268                           ;breathing_light.c: 103:     CCP1CONbits.DC1B = 0;
   269  0003C2  0ECF               	movlw	-49
   270  0003C4  16BD               	andwf	189,f,c	;volatile
   271  0003C6                     
   272                           ;breathing_light.c: 105:     CCP1CONbits.CCP1M3 = 1;
   273  0003C6  86BD               	bsf	189,3,c	;volatile
   274  0003C8                     
   275                           ;breathing_light.c: 106:     CCP1CONbits.CCP1M2 = 1;
   276  0003C8  84BD               	bsf	189,2,c	;volatile
   277  0003CA                     
   278                           ;breathing_light.c: 107:     CCP1CONbits.CCP1M1 = 0;
   279  0003CA  92BD               	bcf	189,1,c	;volatile
   280  0003CC                     
   281                           ;breathing_light.c: 108:     CCP1CONbits.CCP1M0 = 0;
   282  0003CC  90BD               	bcf	189,0,c	;volatile
   283  0003CE                     
   284                           ;breathing_light.c: 111:     T1CONbits.RD16 = 1;
   285  0003CE  8ECD               	bsf	205,7,c	;volatile
   286  0003D0                     
   287                           ;breathing_light.c: 112:     T1CONbits.TMR1ON = 1;
   288  0003D0  80CD               	bsf	205,0,c	;volatile
   289  0003D2                     
   290                           ;breathing_light.c: 113:     T1CONbits.TMR1CS = 0;
   291  0003D2  92CD               	bcf	205,1,c	;volatile
   292                           
   293                           ;breathing_light.c: 115:     TMR1 = 50000;
   294  0003D4  0EC3               	movlw	195
   295  0003D6  6ECF               	movwf	207,c	;volatile
   296  0003D8  0E50               	movlw	80
   297  0003DA  6ECE               	movwf	206,c	;volatile
   298  0003DC                     
   299                           ;breathing_light.c: 116:     PIE1bits.TMR1IE = 1;
   300  0003DC  809D               	bsf	157,0,c	;volatile
   301  0003DE                     
   302                           ;breathing_light.c: 117:     IPR1bits.TMR1IP = 1;
   303  0003DE  809F               	bsf	159,0,c	;volatile
   304  0003E0                     
   305                           ;breathing_light.c: 118:     PIR1bits.TMR1IF = 0;
   306  0003E0  909E               	bcf	158,0,c	;volatile
   307                           
   308                           ;breathing_light.c: 120:     light_incr = 1;
   309  0003E2  0E00               	movlw	0
   310  0003E4  6E04               	movwf	(_light_incr+1)^0,c
   311  0003E6  0E01               	movlw	1
   312  0003E8  6E03               	movwf	_light_incr^0,c
   313                           
   314                           ;breathing_light.c: 121:     light_decr = 0;
   315  0003EA  0E00               	movlw	0
   316  0003EC  6E08               	movwf	(_light_decr+1)^0,c
   317  0003EE  0E00               	movlw	0
   318  0003F0  6E07               	movwf	_light_decr^0,c
   319                           
   320                           ;breathing_light.c: 123:     temp_for_DC1B = 0;
   321  0003F2  0E00               	movlw	0
   322  0003F4  6E06               	movwf	(_temp_for_DC1B+1)^0,c
   323  0003F6  0E00               	movlw	0
   324  0003F8  6E05               	movwf	_temp_for_DC1B^0,c
   325                           
   326                           ;breathing_light.c: 124:     CCPR2L = 11;
   327  0003FA  0E0B               	movlw	11
   328  0003FC  6EBB               	movwf	187,c	;volatile
   329  0003FE                     
   330                           ;breathing_light.c: 125:     temp_for_DC2B = CCPR2L << 2;
   331  0003FE  50BB               	movf	187,w,c	;volatile
   332  000400  6E0B               	movwf	??_LED_Init^0,c
   333  000402  6A0C               	clrf	(??_LED_Init+1)^0,c
   334  000404  90D8               	bcf	status,0,c
   335  000406  360B               	rlcf	??_LED_Init^0,f,c
   336  000408  360C               	rlcf	(??_LED_Init+1)^0,f,c
   337  00040A  90D8               	bcf	status,0,c
   338  00040C  360B               	rlcf	??_LED_Init^0,f,c
   339  00040E  360C               	rlcf	(??_LED_Init+1)^0,f,c
   340  000410  C00B  F001         	movff	??_LED_Init,_temp_for_DC2B
   341  000414  C00C  F002         	movff	??_LED_Init+1,_temp_for_DC2B+1
   342  000418                     
   343                           ;breathing_light.c: 127:     CCP2CONbits.DC2B = 0;
   344  000418  0ECF               	movlw	-49
   345  00041A  16BA               	andwf	186,f,c	;volatile
   346  00041C                     
   347                           ;breathing_light.c: 128:     CCP2CONbits.CCP2M3 = 1;
   348  00041C  86BA               	bsf	186,3,c	;volatile
   349  00041E                     
   350                           ;breathing_light.c: 129:     CCP2CONbits.CCP2M2 = 1;
   351  00041E  84BA               	bsf	186,2,c	;volatile
   352  000420                     
   353                           ;breathing_light.c: 130:     CCP2CONbits.CCP2M1 = 0;
   354  000420  92BA               	bcf	186,1,c	;volatile
   355  000422                     
   356                           ;breathing_light.c: 131:     CCP2CONbits.CCP2M0 = 0;
   357  000422  90BA               	bcf	186,0,c	;volatile
   358  000424                     
   359                           ;breathing_light.c: 134:     INTCONbits.INT0IE = 1;
   360  000424  88F2               	bsf	242,4,c	;volatile
   361  000426                     
   362                           ;breathing_light.c: 135:     INTCON2bits.INTEDG0 = 0;
   363  000426  9CF1               	bcf	241,6,c	;volatile
   364  000428                     
   365                           ;breathing_light.c: 138:      INTCON3bits.INT1IE = 1;
   366  000428  86F0               	bsf	240,3,c	;volatile
   367  00042A                     
   368                           ;breathing_light.c: 139:      INTCON2bits.INTEDG1 = 0;
   369  00042A  9AF1               	bcf	241,5,c	;volatile
   370  00042C                     l65:
   371  00042C  EF16  F002         	goto	l65
   372  000430  0012               	return		;funcret
   373  000432                     __end_of_LED_Init:
   374                           	opt callstack 0
   375                           
   376 ;; *************** function _Hi_ISR *****************
   377 ;; Defined at:
   378 ;;		line 144 in file "breathing_light.c"
   379 ;; Parameters:    Size  Location     Type
   380 ;;		None
   381 ;; Auto vars:     Size  Location     Type
   382 ;;		None
   383 ;; Return value:  Size  Location     Type
   384 ;;                  1    wreg      void 
   385 ;; Registers used:
   386 ;;		wreg, status,2, status,0
   387 ;; Tracked objects:
   388 ;;		On entry : 0/0
   389 ;;		On exit  : 0/0
   390 ;;		Unchanged: 0/0
   391 ;; Data sizes:     COMRAM   BANK0   BANK1   BANK2   BANK3   BANK4   BANK5
   392 ;;      Params:         0       0       0       0       0       0       0
   393 ;;      Locals:         0       0       0       0       0       0       0
   394 ;;      Temps:          2       0       0       0       0       0       0
   395 ;;      Totals:         2       0       0       0       0       0       0
   396 ;;Total ram usage:        2 bytes
   397 ;; Hardware stack levels used:    1
   398 ;; This function calls:
   399 ;;		Nothing
   400 ;; This function is called by:
   401 ;;		Interrupt level 2
   402 ;; This function uses a non-reentrant model
   403 ;;
   404                           
   405                           	psect	intcode
   406  000008                     __pintcode:
   407                           	opt callstack 0
   408  000008                     _Hi_ISR:
   409                           	opt callstack 29
   410                           
   411                           ;incstack = 0
   412  000008  820F               	bsf	int$flags,1,c	;set compiler interrupt flag (level 2)
   413  00000A  ED09  F000         	call	int_func,f	;refresh shadow registers
   414                           
   415                           	psect	intcode_body
   416  000012                     __pintcode_body:
   417                           	opt callstack 29
   418  000012                     int_func:
   419                           	opt callstack 29
   420  000012  0006               	pop		; remove dummy address from shadow register refresh
   421  000014                     
   422                           ;breathing_light.c: 146:     if(INTCON3bits.INT1IF){
   423  000014  A0F0               	btfss	240,0,c	;volatile
   424  000016  EF0F  F000         	goto	i2u1_41
   425  00001A  EF11  F000         	goto	i2u1_40
   426  00001E                     i2u1_41:
   427  00001E  EF72  F000         	goto	i2l73
   428  000022                     i2u1_40:
   429  000022                     
   430                           ;breathing_light.c: 147:         INTCON3bits.INT1IE = 0;
   431  000022  96F0               	bcf	240,3,c	;volatile
   432                           
   433                           ;breathing_light.c: 148:         INTCONbits.INT0IF = 0;
   434  000024  92F2               	bcf	242,1,c	;volatile
   435                           
   436                           ;breathing_light.c: 149:         INTCON3bits.INT1IF = 0;
   437  000026  90F0               	bcf	240,0,c	;volatile
   438  000028                     i2l831:
   439                           
   440                           ;breathing_light.c: 153:             _delay(10000);
   441  000028  0E0D               	movlw	13
   442  00002A  6E09               	movwf	??_Hi_ISR^0,c
   443  00002C  0EFC               	movlw	252
   444  00002E                     i2u21_47:
   445  00002E  2EE8               	decfsz	wreg,f,c
   446  000030  D7FE               	bra	i2u21_47
   447  000032  2E09               	decfsz	??_Hi_ISR^0,f,c
   448  000034  D7FC               	bra	i2u21_47
   449  000036                     
   450                           ;breathing_light.c: 154:             temp_for_DC2B++;
   451  000036  4A01               	infsnz	_temp_for_DC2B^0,f,c
   452  000038  2A02               	incf	(_temp_for_DC2B+1)^0,f,c
   453                           
   454                           ;breathing_light.c: 155:             CCPR2L = temp_for_DC2B >> 2;
   455  00003A  C001  F009         	movff	_temp_for_DC2B,??_Hi_ISR
   456  00003E  C002  F00A         	movff	_temp_for_DC2B+1,??_Hi_ISR+1
   457  000042  340A               	rlcf	(??_Hi_ISR+1)^0,w,c
   458  000044  320A               	rrcf	(??_Hi_ISR+1)^0,f,c
   459  000046  3209               	rrcf	??_Hi_ISR^0,f,c
   460  000048  340A               	rlcf	(??_Hi_ISR+1)^0,w,c
   461  00004A  320A               	rrcf	(??_Hi_ISR+1)^0,f,c
   462  00004C  3209               	rrcf	??_Hi_ISR^0,f,c
   463  00004E  5009               	movf	??_Hi_ISR^0,w,c
   464  000050  6EBB               	movwf	187,c	;volatile
   465                           
   466                           ;breathing_light.c: 156:             CCP2CONbits.DC2B = temp_for_DC2B & 0b00000011;
   467  000052  C001  F009         	movff	_temp_for_DC2B,??_Hi_ISR
   468  000056  0E03               	movlw	3
   469  000058  1609               	andwf	??_Hi_ISR^0,f,c
   470  00005A  3A09               	swapf	??_Hi_ISR^0,f,c
   471  00005C  50BA               	movf	186,w,c	;volatile
   472  00005E  1809               	xorwf	??_Hi_ISR^0,w,c
   473  000060  0BCF               	andlw	-49
   474  000062  1809               	xorwf	??_Hi_ISR^0,w,c
   475  000064  6EBA               	movwf	186,c	;volatile
   476                           
   477                           ;breathing_light.c: 158:             if (CCPR2L >= 16 ){
   478  000066  0E0F               	movlw	15
   479  000068  64BB               	cpfsgt	187,c	;volatile
   480  00006A  EF39  F000         	goto	i2u2_41
   481  00006E  EF3B  F000         	goto	i2u2_40
   482  000072                     i2u2_41:
   483  000072  EF14  F000         	goto	i2l831
   484  000076                     i2u2_40:
   485  000076                     
   486                           ;breathing_light.c: 159:                 _delay(100000);
   487  000076  0E82               	movlw	130
   488  000078  6E09               	movwf	??_Hi_ISR^0,c
   489  00007A  0EDE               	movlw	222
   490  00007C                     i2u22_47:
   491  00007C  2EE8               	decfsz	wreg,f,c
   492  00007E  D7FE               	bra	i2u22_47
   493  000080  2E09               	decfsz	??_Hi_ISR^0,f,c
   494  000082  D7FC               	bra	i2u22_47
   495  000084                     i2l837:
   496                           
   497                           ;breathing_light.c: 165:             _delay(10000);
   498  000084  0E0D               	movlw	13
   499  000086  6E09               	movwf	??_Hi_ISR^0,c
   500  000088  0EFC               	movlw	252
   501  00008A                     i2u23_47:
   502  00008A  2EE8               	decfsz	wreg,f,c
   503  00008C  D7FE               	bra	i2u23_47
   504  00008E  2E09               	decfsz	??_Hi_ISR^0,f,c
   505  000090  D7FC               	bra	i2u23_47
   506  000092                     
   507                           ;breathing_light.c: 166:             temp_for_DC2B--;
   508  000092  0601               	decf	_temp_for_DC2B^0,f,c
   509  000094  A0D8               	btfss	status,0,c
   510  000096  0602               	decf	(_temp_for_DC2B+1)^0,f,c
   511                           
   512                           ;breathing_light.c: 167:             CCPR2L = temp_for_DC2B >> 2;
   513  000098  C001  F009         	movff	_temp_for_DC2B,??_Hi_ISR
   514  00009C  C002  F00A         	movff	_temp_for_DC2B+1,??_Hi_ISR+1
   515  0000A0  340A               	rlcf	(??_Hi_ISR+1)^0,w,c
   516  0000A2  320A               	rrcf	(??_Hi_ISR+1)^0,f,c
   517  0000A4  3209               	rrcf	??_Hi_ISR^0,f,c
   518  0000A6  340A               	rlcf	(??_Hi_ISR+1)^0,w,c
   519  0000A8  320A               	rrcf	(??_Hi_ISR+1)^0,f,c
   520  0000AA  3209               	rrcf	??_Hi_ISR^0,f,c
   521  0000AC  5009               	movf	??_Hi_ISR^0,w,c
   522  0000AE  6EBB               	movwf	187,c	;volatile
   523                           
   524                           ;breathing_light.c: 168:             CCP2CONbits.DC2B = temp_for_DC2B & 0b00000011;
   525  0000B0  C001  F009         	movff	_temp_for_DC2B,??_Hi_ISR
   526  0000B4  0E03               	movlw	3
   527  0000B6  1609               	andwf	??_Hi_ISR^0,f,c
   528  0000B8  3A09               	swapf	??_Hi_ISR^0,f,c
   529  0000BA  50BA               	movf	186,w,c	;volatile
   530  0000BC  1809               	xorwf	??_Hi_ISR^0,w,c
   531  0000BE  0BCF               	andlw	-49
   532  0000C0  1809               	xorwf	??_Hi_ISR^0,w,c
   533  0000C2  6EBA               	movwf	186,c	;volatile
   534                           
   535                           ;breathing_light.c: 170:             if(CCPR2L <= 5){
   536  0000C4  0E06               	movlw	6
   537  0000C6  60BB               	cpfslt	187,c	;volatile
   538  0000C8  EF68  F000         	goto	i2u3_41
   539  0000CC  EF6A  F000         	goto	i2u3_40
   540  0000D0                     i2u3_41:
   541  0000D0  EF42  F000         	goto	i2l837
   542  0000D4                     i2u3_40:
   543  0000D4                     
   544                           ;breathing_light.c: 171:                 _delay(100000);
   545  0000D4  0E82               	movlw	130
   546  0000D6  6E09               	movwf	??_Hi_ISR^0,c
   547  0000D8  0EDE               	movlw	222
   548  0000DA                     i2u24_47:
   549  0000DA  2EE8               	decfsz	wreg,f,c
   550  0000DC  D7FE               	bra	i2u24_47
   551  0000DE  2E09               	decfsz	??_Hi_ISR^0,f,c
   552  0000E0  D7FC               	bra	i2u24_47
   553  0000E2                     
   554                           ;breathing_light.c: 175:         INTCON3bits.INT1IE = 1;
   555  0000E2  86F0               	bsf	240,3,c	;volatile
   556  0000E4                     i2l73:
   557                           
   558                           ;breathing_light.c: 178:     if(INTCONbits.INT0IF){
   559  0000E4  A2F2               	btfss	242,1,c	;volatile
   560  0000E6  EF77  F000         	goto	i2u4_41
   561  0000EA  EF79  F000         	goto	i2u4_40
   562  0000EE                     i2u4_41:
   563  0000EE  EFEC  F000         	goto	i2l82
   564  0000F2                     i2u4_40:
   565  0000F2                     
   566                           ;breathing_light.c: 179:         INTCONbits.INT0IF = 0;
   567  0000F2  92F2               	bcf	242,1,c	;volatile
   568                           
   569                           ;breathing_light.c: 180:         INTCONbits.INT0IE = 0;
   570  0000F4  98F2               	bcf	242,4,c	;volatile
   571  0000F6                     
   572                           ;breathing_light.c: 181:         CCP1CONbits.CCP1M = 0;
   573  0000F6  0EF0               	movlw	-16
   574  0000F8  16BD               	andwf	189,f,c	;volatile
   575  0000FA                     
   576                           ;breathing_light.c: 182:         TRISDbits.TRISD0 = 0;
   577  0000FA  9095               	bcf	149,0,c	;volatile
   578  0000FC                     
   579                           ;breathing_light.c: 183:         PORTDbits.RD0 = 1;
   580  0000FC  8083               	bsf	131,0,c	;volatile
   581                           
   582                           ;breathing_light.c: 186:         CCP2CONbits.DC2B = 0;
   583  0000FE  0ECF               	movlw	-49
   584  000100  16BA               	andwf	186,f,c	;volatile
   585  000102                     
   586                           ;breathing_light.c: 188:         CCP2CONbits.CCP2M3 = 1;
   587  000102  86BA               	bsf	186,3,c	;volatile
   588  000104                     
   589                           ;breathing_light.c: 189:         CCP2CONbits.CCP2M2 = 1;
   590  000104  84BA               	bsf	186,2,c	;volatile
   591  000106                     
   592                           ;breathing_light.c: 190:         CCP2CONbits.CCP2M1 = 0;
   593  000106  92BA               	bcf	186,1,c	;volatile
   594  000108                     
   595                           ;breathing_light.c: 191:         CCP2CONbits.CCP2M0 = 0;
   596  000108  90BA               	bcf	186,0,c	;volatile
   597                           
   598                           ;breathing_light.c: 192:         CCPR2L = 11;
   599  00010A  0E0B               	movlw	11
   600  00010C  6EBB               	movwf	187,c	;volatile
   601  00010E                     
   602                           ;breathing_light.c: 194:         if(CCP2CONbits.CCP2M3 > 0){
   603  00010E  A6BA               	btfss	186,3,c	;volatile
   604  000110  EF8C  F000         	goto	i2u5_41
   605  000114  EF8E  F000         	goto	i2u5_40
   606  000118                     i2u5_41:
   607  000118  EFEB  F000         	goto	i2l83
   608  00011C                     i2u5_40:
   609  00011C                     i2l861:
   610                           
   611                           ;breathing_light.c: 196:                 _delay(10000);
   612  00011C  0E0D               	movlw	13
   613  00011E  6E09               	movwf	??_Hi_ISR^0,c
   614  000120  0EFC               	movlw	252
   615  000122                     i2u25_47:
   616  000122  2EE8               	decfsz	wreg,f,c
   617  000124  D7FE               	bra	i2u25_47
   618  000126  2E09               	decfsz	??_Hi_ISR^0,f,c
   619  000128  D7FC               	bra	i2u25_47
   620  00012A                     
   621                           ;breathing_light.c: 197:                 temp_for_DC2B++;
   622  00012A  4A01               	infsnz	_temp_for_DC2B^0,f,c
   623  00012C  2A02               	incf	(_temp_for_DC2B+1)^0,f,c
   624                           
   625                           ;breathing_light.c: 198:                 CCPR2L = temp_for_DC2B >> 2;
   626  00012E  C001  F009         	movff	_temp_for_DC2B,??_Hi_ISR
   627  000132  C002  F00A         	movff	_temp_for_DC2B+1,??_Hi_ISR+1
   628  000136  340A               	rlcf	(??_Hi_ISR+1)^0,w,c
   629  000138  320A               	rrcf	(??_Hi_ISR+1)^0,f,c
   630  00013A  3209               	rrcf	??_Hi_ISR^0,f,c
   631  00013C  340A               	rlcf	(??_Hi_ISR+1)^0,w,c
   632  00013E  320A               	rrcf	(??_Hi_ISR+1)^0,f,c
   633  000140  3209               	rrcf	??_Hi_ISR^0,f,c
   634  000142  5009               	movf	??_Hi_ISR^0,w,c
   635  000144  6EBB               	movwf	187,c	;volatile
   636                           
   637                           ;breathing_light.c: 199:                 CCP2CONbits.DC2B = temp_for_DC2B & 0b00000011;
   638  000146  C001  F009         	movff	_temp_for_DC2B,??_Hi_ISR
   639  00014A  0E03               	movlw	3
   640  00014C  1609               	andwf	??_Hi_ISR^0,f,c
   641  00014E  3A09               	swapf	??_Hi_ISR^0,f,c
   642  000150  50BA               	movf	186,w,c	;volatile
   643  000152  1809               	xorwf	??_Hi_ISR^0,w,c
   644  000154  0BCF               	andlw	-49
   645  000156  1809               	xorwf	??_Hi_ISR^0,w,c
   646  000158  6EBA               	movwf	186,c	;volatile
   647                           
   648                           ;breathing_light.c: 201:                 if (CCPR2L >= 16 ){
   649  00015A  0E0F               	movlw	15
   650  00015C  64BB               	cpfsgt	187,c	;volatile
   651  00015E  EFB3  F000         	goto	i2u6_41
   652  000162  EFB5  F000         	goto	i2u6_40
   653  000166                     i2u6_41:
   654  000166  EF8E  F000         	goto	i2l861
   655  00016A                     i2u6_40:
   656  00016A                     
   657                           ;breathing_light.c: 202:                     _delay(100000);
   658  00016A  0E82               	movlw	130
   659  00016C  6E09               	movwf	??_Hi_ISR^0,c
   660  00016E  0EDE               	movlw	222
   661  000170                     i2u26_47:
   662  000170  2EE8               	decfsz	wreg,f,c
   663  000172  D7FE               	bra	i2u26_47
   664  000174  2E09               	decfsz	??_Hi_ISR^0,f,c
   665  000176  D7FC               	bra	i2u26_47
   666  000178                     i2l867:
   667                           
   668                           ;breathing_light.c: 208:                 _delay(10000);
   669  000178  0E0D               	movlw	13
   670  00017A  6E09               	movwf	??_Hi_ISR^0,c
   671  00017C  0EFC               	movlw	252
   672  00017E                     i2u27_47:
   673  00017E  2EE8               	decfsz	wreg,f,c
   674  000180  D7FE               	bra	i2u27_47
   675  000182  2E09               	decfsz	??_Hi_ISR^0,f,c
   676  000184  D7FC               	bra	i2u27_47
   677  000186                     
   678                           ;breathing_light.c: 209:                 temp_for_DC2B--;
   679  000186  0601               	decf	_temp_for_DC2B^0,f,c
   680  000188  A0D8               	btfss	status,0,c
   681  00018A  0602               	decf	(_temp_for_DC2B+1)^0,f,c
   682                           
   683                           ;breathing_light.c: 210:                 CCPR2L = temp_for_DC2B >> 2;
   684  00018C  C001  F009         	movff	_temp_for_DC2B,??_Hi_ISR
   685  000190  C002  F00A         	movff	_temp_for_DC2B+1,??_Hi_ISR+1
   686  000194  340A               	rlcf	(??_Hi_ISR+1)^0,w,c
   687  000196  320A               	rrcf	(??_Hi_ISR+1)^0,f,c
   688  000198  3209               	rrcf	??_Hi_ISR^0,f,c
   689  00019A  340A               	rlcf	(??_Hi_ISR+1)^0,w,c
   690  00019C  320A               	rrcf	(??_Hi_ISR+1)^0,f,c
   691  00019E  3209               	rrcf	??_Hi_ISR^0,f,c
   692  0001A0  5009               	movf	??_Hi_ISR^0,w,c
   693  0001A2  6EBB               	movwf	187,c	;volatile
   694                           
   695                           ;breathing_light.c: 211:                 CCP2CONbits.DC2B = temp_for_DC2B & 0b00000011;
   696  0001A4  C001  F009         	movff	_temp_for_DC2B,??_Hi_ISR
   697  0001A8  0E03               	movlw	3
   698  0001AA  1609               	andwf	??_Hi_ISR^0,f,c
   699  0001AC  3A09               	swapf	??_Hi_ISR^0,f,c
   700  0001AE  50BA               	movf	186,w,c	;volatile
   701  0001B0  1809               	xorwf	??_Hi_ISR^0,w,c
   702  0001B2  0BCF               	andlw	-49
   703  0001B4  1809               	xorwf	??_Hi_ISR^0,w,c
   704  0001B6  6EBA               	movwf	186,c	;volatile
   705                           
   706                           ;breathing_light.c: 213:                 if(CCPR2L <= 5){
   707  0001B8  0E06               	movlw	6
   708  0001BA  60BB               	cpfslt	187,c	;volatile
   709  0001BC  EFE2  F000         	goto	i2u7_41
   710  0001C0  EFE4  F000         	goto	i2u7_40
   711  0001C4                     i2u7_41:
   712  0001C4  EFBC  F000         	goto	i2l867
   713  0001C8                     i2u7_40:
   714  0001C8                     
   715                           ;breathing_light.c: 214:                     _delay(100000);
   716  0001C8  0E82               	movlw	130
   717  0001CA  6E09               	movwf	??_Hi_ISR^0,c
   718  0001CC  0EDE               	movlw	222
   719  0001CE                     i2u28_47:
   720  0001CE  2EE8               	decfsz	wreg,f,c
   721  0001D0  D7FE               	bra	i2u28_47
   722  0001D2  2E09               	decfsz	??_Hi_ISR^0,f,c
   723  0001D4  D7FC               	bra	i2u28_47
   724  0001D6                     i2l83:
   725                           
   726                           ;breathing_light.c: 219:         INTCONbits.INT0IE = 1;
   727  0001D6  88F2               	bsf	242,4,c	;volatile
   728  0001D8                     i2l82:
   729                           
   730                           ;breathing_light.c: 222:     if(TMR1IF && (CCP1CONbits.CCP1M > 0) && (!INTCONbits.INT0IF
      +                          ))
   731  0001D8  A09E               	btfss	3998,0,c	;volatile
   732  0001DA  EFF1  F000         	goto	i2u8_41
   733  0001DE  EFF3  F000         	goto	i2u8_40
   734  0001E2                     i2u8_41:
   735  0001E2  EF90  F001         	goto	i2l903
   736  0001E6                     i2u8_40:
   737  0001E6  50BD               	movf	189,w,c	;volatile
   738  0001E8  0B0F               	andlw	15
   739  0001EA  0900               	iorlw	0
   740  0001EC  B4D8               	btfsc	status,2,c
   741  0001EE  EFFB  F000         	goto	i2u9_41
   742  0001F2  EFFD  F000         	goto	i2u9_40
   743  0001F6                     i2u9_41:
   744  0001F6  EF90  F001         	goto	i2l903
   745  0001FA                     i2u9_40:
   746  0001FA  B2F2               	btfsc	242,1,c	;volatile
   747  0001FC  EF02  F001         	goto	i2u10_41
   748  000200  EF04  F001         	goto	i2u10_40
   749  000204                     i2u10_41:
   750  000204  EF90  F001         	goto	i2l903
   751  000208                     i2u10_40:
   752  000208                     
   753                           ;breathing_light.c: 223:     {;breathing_light.c: 224:         TMR1IF = 0;
   754  000208  909E               	bcf	3998,0,c	;volatile
   755                           
   756                           ;breathing_light.c: 225:         INTCONbits.INT0IF = 0;
   757  00020A  92F2               	bcf	242,1,c	;volatile
   758  00020C                     
   759                           ;breathing_light.c: 226:         if(light_incr == 1 && light_decr ==0)
   760  00020C  0403               	decf	_light_incr^0,w,c
   761  00020E  1004               	iorwf	(_light_incr+1)^0,w,c
   762  000210  A4D8               	btfss	status,2,c
   763  000212  EF0D  F001         	goto	i2u11_41
   764  000216  EF0F  F001         	goto	i2u11_40
   765  00021A                     i2u11_41:
   766  00021A  EF4C  F001         	goto	i2l891
   767  00021E                     i2u11_40:
   768  00021E  5007               	movf	_light_decr^0,w,c
   769  000220  1008               	iorwf	(_light_decr+1)^0,w,c
   770  000222  A4D8               	btfss	status,2,c
   771  000224  EF16  F001         	goto	i2u12_41
   772  000228  EF18  F001         	goto	i2u12_40
   773  00022C                     i2u12_41:
   774  00022C  EF4C  F001         	goto	i2l891
   775  000230                     i2u12_40:
   776  000230                     
   777                           ;breathing_light.c: 227:         {;breathing_light.c: 228:             if(temp_for_DC1B 
      +                          >= 30) {
   778  000230  BE06               	btfsc	(_temp_for_DC1B+1)^0,7,c
   779  000232  EF24  F001         	goto	i2u13_41
   780  000236  5006               	movf	(_temp_for_DC1B+1)^0,w,c
   781  000238  E109               	bnz	i2u13_40
   782  00023A  0E1E               	movlw	30
   783  00023C  5C05               	subwf	_temp_for_DC1B^0,w,c
   784  00023E  A0D8               	btfss	status,0,c
   785  000240  EF24  F001         	goto	i2u13_41
   786  000244  EF26  F001         	goto	i2u13_40
   787  000248                     i2u13_41:
   788  000248  EF30  F001         	goto	i2l889
   789  00024C                     i2u13_40:
   790  00024C                     
   791                           ;breathing_light.c: 229:                 light_incr = 0;
   792  00024C  0E00               	movlw	0
   793  00024E  6E04               	movwf	(_light_incr+1)^0,c
   794  000250  0E00               	movlw	0
   795  000252  6E03               	movwf	_light_incr^0,c
   796                           
   797                           ;breathing_light.c: 230:                 light_decr = 1;
   798  000254  0E00               	movlw	0
   799  000256  6E08               	movwf	(_light_decr+1)^0,c
   800  000258  0E01               	movlw	1
   801  00025A  6E07               	movwf	_light_decr^0,c
   802  00025C  EFD3  F001         	goto	i2l95
   803  000260                     i2l889:
   804                           
   805                           ;breathing_light.c: 233:             temp_for_DC1B += 2;
   806  000260  0E02               	movlw	2
   807  000262  2605               	addwf	_temp_for_DC1B^0,f,c
   808  000264  0E00               	movlw	0
   809  000266  2206               	addwfc	(_temp_for_DC1B+1)^0,f,c
   810                           
   811                           ;breathing_light.c: 234:             CCPR1L = temp_for_DC1B >> 2;
   812  000268  C005  F009         	movff	_temp_for_DC1B,??_Hi_ISR
   813  00026C  C006  F00A         	movff	_temp_for_DC1B+1,??_Hi_ISR+1
   814  000270  340A               	rlcf	(??_Hi_ISR+1)^0,w,c
   815  000272  320A               	rrcf	(??_Hi_ISR+1)^0,f,c
   816  000274  3209               	rrcf	??_Hi_ISR^0,f,c
   817  000276  340A               	rlcf	(??_Hi_ISR+1)^0,w,c
   818  000278  320A               	rrcf	(??_Hi_ISR+1)^0,f,c
   819  00027A  3209               	rrcf	??_Hi_ISR^0,f,c
   820  00027C  5009               	movf	??_Hi_ISR^0,w,c
   821  00027E  6EBE               	movwf	190,c	;volatile
   822                           
   823                           ;breathing_light.c: 236:             CCP1CONbits.DC1B = temp_for_DC1B & 0b00000011;
   824  000280  C005  F009         	movff	_temp_for_DC1B,??_Hi_ISR
   825  000284  0E03               	movlw	3
   826  000286  1609               	andwf	??_Hi_ISR^0,f,c
   827  000288  3A09               	swapf	??_Hi_ISR^0,f,c
   828  00028A  50BD               	movf	189,w,c	;volatile
   829  00028C  1809               	xorwf	??_Hi_ISR^0,w,c
   830  00028E  0BCF               	andlw	-49
   831  000290  1809               	xorwf	??_Hi_ISR^0,w,c
   832  000292  6EBD               	movwf	189,c	;volatile
   833                           
   834                           ;breathing_light.c: 238:         }
   835  000294  EF90  F001         	goto	i2l903
   836  000298                     i2l891:
   837  000298  5003               	movf	_light_incr^0,w,c
   838  00029A  1004               	iorwf	(_light_incr+1)^0,w,c
   839  00029C  A4D8               	btfss	status,2,c
   840  00029E  EF53  F001         	goto	i2u14_41
   841  0002A2  EF55  F001         	goto	i2u14_40
   842  0002A6                     i2u14_41:
   843  0002A6  EF90  F001         	goto	i2l903
   844  0002AA                     i2u14_40:
   845  0002AA  0407               	decf	_light_decr^0,w,c
   846  0002AC  1008               	iorwf	(_light_decr+1)^0,w,c
   847  0002AE  A4D8               	btfss	status,2,c
   848  0002B0  EF5C  F001         	goto	i2u15_41
   849  0002B4  EF5E  F001         	goto	i2u15_40
   850  0002B8                     i2u15_41:
   851  0002B8  EF90  F001         	goto	i2l903
   852  0002BC                     i2u15_40:
   853  0002BC                     
   854                           ;breathing_light.c: 240:         {;breathing_light.c: 241:             if(temp_for_DC1B 
      +                          <= 1) {
   855  0002BC  BE06               	btfsc	(_temp_for_DC1B+1)^0,7,c
   856  0002BE  EF6C  F001         	goto	i2u16_40
   857  0002C2  5006               	movf	(_temp_for_DC1B+1)^0,w,c
   858  0002C4  E107               	bnz	i2u16_41
   859  0002C6  0E02               	movlw	2
   860  0002C8  5C05               	subwf	_temp_for_DC1B^0,w,c
   861  0002CA  B0D8               	btfsc	status,0,c
   862  0002CC  EF6A  F001         	goto	i2u16_41
   863  0002D0  EF6C  F001         	goto	i2u16_40
   864  0002D4                     i2u16_41:
   865  0002D4  EF76  F001         	goto	i2l901
   866  0002D8                     i2u16_40:
   867  0002D8                     
   868                           ;breathing_light.c: 242:                 light_incr = 1;
   869  0002D8  0E00               	movlw	0
   870  0002DA  6E04               	movwf	(_light_incr+1)^0,c
   871  0002DC  0E01               	movlw	1
   872  0002DE  6E03               	movwf	_light_incr^0,c
   873                           
   874                           ;breathing_light.c: 243:                 light_decr = 0;
   875  0002E0  0E00               	movlw	0
   876  0002E2  6E08               	movwf	(_light_decr+1)^0,c
   877  0002E4  0E00               	movlw	0
   878  0002E6  6E07               	movwf	_light_decr^0,c
   879  0002E8  EFD3  F001         	goto	i2l95
   880  0002EC                     i2l901:
   881                           
   882                           ;breathing_light.c: 246:             temp_for_DC1B -= 2;
   883  0002EC  0EFE               	movlw	254
   884  0002EE  2605               	addwf	_temp_for_DC1B^0,f,c
   885  0002F0  0EFF               	movlw	255
   886  0002F2  2206               	addwfc	(_temp_for_DC1B+1)^0,f,c
   887                           
   888                           ;breathing_light.c: 247:             CCPR1L = temp_for_DC1B >> 2;
   889  0002F4  C005  F009         	movff	_temp_for_DC1B,??_Hi_ISR
   890  0002F8  C006  F00A         	movff	_temp_for_DC1B+1,??_Hi_ISR+1
   891  0002FC  340A               	rlcf	(??_Hi_ISR+1)^0,w,c
   892  0002FE  320A               	rrcf	(??_Hi_ISR+1)^0,f,c
   893  000300  3209               	rrcf	??_Hi_ISR^0,f,c
   894  000302  340A               	rlcf	(??_Hi_ISR+1)^0,w,c
   895  000304  320A               	rrcf	(??_Hi_ISR+1)^0,f,c
   896  000306  3209               	rrcf	??_Hi_ISR^0,f,c
   897  000308  5009               	movf	??_Hi_ISR^0,w,c
   898  00030A  6EBE               	movwf	190,c	;volatile
   899                           
   900                           ;breathing_light.c: 249:             CCP1CONbits.DC1B = temp_for_DC1B & 0b00000011;
   901  00030C  C005  F009         	movff	_temp_for_DC1B,??_Hi_ISR
   902  000310  0E03               	movlw	3
   903  000312  1609               	andwf	??_Hi_ISR^0,f,c
   904  000314  3A09               	swapf	??_Hi_ISR^0,f,c
   905  000316  50BD               	movf	189,w,c	;volatile
   906  000318  1809               	xorwf	??_Hi_ISR^0,w,c
   907  00031A  0BCF               	andlw	-49
   908  00031C  1809               	xorwf	??_Hi_ISR^0,w,c
   909  00031E  6EBD               	movwf	189,c	;volatile
   910  000320                     i2l903:
   911                           
   912                           ;breathing_light.c: 256:     if(PIR1bits.TMR1IF == 1 && (CCP1CONbits.CCP1M <= 1)){
   913  000320  A09E               	btfss	158,0,c	;volatile
   914  000322  EF95  F001         	goto	i2u17_41
   915  000326  EF97  F001         	goto	i2u17_40
   916  00032A                     i2u17_41:
   917  00032A  EFD3  F001         	goto	i2l95
   918  00032E                     i2u17_40:
   919  00032E  50BD               	movf	189,w,c	;volatile
   920  000330  0B0F               	andlw	15
   921  000332  6E09               	movwf	??_Hi_ISR^0,c
   922  000334  0E02               	movlw	2
   923  000336  6009               	cpfslt	??_Hi_ISR^0,c
   924  000338  EFA0  F001         	goto	i2u18_41
   925  00033C  EFA2  F001         	goto	i2u18_40
   926  000340                     i2u18_41:
   927  000340  EFD3  F001         	goto	i2l95
   928  000344                     i2u18_40:
   929  000344                     
   930                           ;breathing_light.c: 258:         INTCONbits.INT0IE = 0;
   931  000344  98F2               	bcf	242,4,c	;volatile
   932                           
   933                           ;breathing_light.c: 259:         INTCONbits.INT0IF = 0;
   934  000346  92F2               	bcf	242,1,c	;volatile
   935                           
   936                           ;breathing_light.c: 260:         PIR1bits.TMR1IF = 0;
   937  000348  909E               	bcf	158,0,c	;volatile
   938                           
   939                           ;breathing_light.c: 261:         PORTDbits.RD0 = 1;
   940  00034A  8083               	bsf	131,0,c	;volatile
   941  00034C                     
   942                           ;breathing_light.c: 262:         if(switch_A == 0){
   943  00034C  500D               	movf	_switch_A^0,w,c
   944  00034E  100E               	iorwf	(_switch_A+1)^0,w,c
   945  000350  A4D8               	btfss	status,2,c
   946  000352  EFAD  F001         	goto	i2u19_41
   947  000356  EFAF  F001         	goto	i2u19_40
   948  00035A                     i2u19_41:
   949  00035A  EFBC  F001         	goto	i2l917
   950  00035E                     i2u19_40:
   951  00035E                     
   952                           ;breathing_light.c: 265:             PORTDbits.RD0 = 0;
   953  00035E  9083               	bcf	131,0,c	;volatile
   954  000360                     
   955                           ;breathing_light.c: 266:             _delay(20000);
   956  000360  0E1A               	movlw	26
   957  000362  6E09               	movwf	??_Hi_ISR^0,c
   958  000364  0EF8               	movlw	248
   959  000366                     i2u29_47:
   960  000366  2EE8               	decfsz	wreg,f,c
   961  000368  D7FE               	bra	i2u29_47
   962  00036A  2E09               	decfsz	??_Hi_ISR^0,f,c
   963  00036C  D7FC               	bra	i2u29_47
   964  00036E  D000               	nop2	
   965  000370                     
   966                           ;breathing_light.c: 267:             switch_A = 1;
   967  000370  0E00               	movlw	0
   968  000372  6E0E               	movwf	(_switch_A+1)^0,c
   969  000374  0E01               	movlw	1
   970  000376  6E0D               	movwf	_switch_A^0,c
   971  000378                     i2l917:
   972                           
   973                           ;breathing_light.c: 269:         if(switch_A == 1){
   974  000378  040D               	decf	_switch_A^0,w,c
   975  00037A  100E               	iorwf	(_switch_A+1)^0,w,c
   976  00037C  A4D8               	btfss	status,2,c
   977  00037E  EFC3  F001         	goto	i2u20_41
   978  000382  EFC5  F001         	goto	i2u20_40
   979  000386                     i2u20_41:
   980  000386  EFD2  F001         	goto	i2l925
   981  00038A                     i2u20_40:
   982  00038A                     
   983                           ;breathing_light.c: 272:             PORTDbits.RD0 = 1;
   984  00038A  8083               	bsf	131,0,c	;volatile
   985  00038C                     
   986                           ;breathing_light.c: 273:             _delay(20000);
   987  00038C  0E1A               	movlw	26
   988  00038E  6E09               	movwf	??_Hi_ISR^0,c
   989  000390  0EF8               	movlw	248
   990  000392                     i2u30_47:
   991  000392  2EE8               	decfsz	wreg,f,c
   992  000394  D7FE               	bra	i2u30_47
   993  000396  2E09               	decfsz	??_Hi_ISR^0,f,c
   994  000398  D7FC               	bra	i2u30_47
   995  00039A  D000               	nop2	
   996  00039C                     
   997                           ;breathing_light.c: 274:             switch_A = 0;
   998  00039C  0E00               	movlw	0
   999  00039E  6E0E               	movwf	(_switch_A+1)^0,c
  1000  0003A0  0E00               	movlw	0
  1001  0003A2  6E0D               	movwf	_switch_A^0,c
  1002  0003A4                     i2l925:
  1003                           
  1004                           ;breathing_light.c: 276:         INTCONbits.INT0IE = 1;
  1005  0003A4  88F2               	bsf	242,4,c	;volatile
  1006  0003A6                     i2l95:
  1007  0003A6  920F               	bcf	int$flags,1,c	;clear compiler interrupt flag (level 2)
  1008  0003A8  0011               	retfie		f
  1009  0003AA                     __end_of_Hi_ISR:
  1010                           	opt callstack 0
  1011  0000                     
  1012                           	psect	rparam
  1013  0000                     
  1014                           	psect	temp
  1015  00000F                     btemp:
  1016                           	opt callstack 0
  1017  00000F                     	ds	1
  1018  0000                     int$flags	set	btemp
  1019  0000                     wtemp8	set	btemp+1
  1020  0000                     ttemp5	set	btemp+1
  1021  0000                     ttemp6	set	btemp+4
  1022  0000                     ttemp7	set	btemp+8
  1023                           tosu	equ	0xFFF
  1024                           tosh	equ	0xFFE
  1025                           tosl	equ	0xFFD
  1026                           stkptr	equ	0xFFC
  1027                           pclatu	equ	0xFFB
  1028                           pclath	equ	0xFFA
  1029                           pcl	equ	0xFF9
  1030                           tblptru	equ	0xFF8
  1031                           tblptrh	equ	0xFF7
  1032                           tblptrl	equ	0xFF6
  1033                           tablat	equ	0xFF5
  1034                           prodh	equ	0xFF4
  1035                           prodl	equ	0xFF3
  1036                           indf0	equ	0xFEF
  1037                           postinc0	equ	0xFEE
  1038                           postdec0	equ	0xFED
  1039                           preinc0	equ	0xFEC
  1040                           plusw0	equ	0xFEB
  1041                           fsr0h	equ	0xFEA
  1042                           fsr0l	equ	0xFE9
  1043                           wreg	equ	0xFE8
  1044                           indf1	equ	0xFE7
  1045                           postinc1	equ	0xFE6
  1046                           postdec1	equ	0xFE5
  1047                           preinc1	equ	0xFE4
  1048                           plusw1	equ	0xFE3
  1049                           fsr1h	equ	0xFE2
  1050                           fsr1l	equ	0xFE1
  1051                           bsr	equ	0xFE0
  1052                           indf2	equ	0xFDF
  1053                           postinc2	equ	0xFDE
  1054                           postdec2	equ	0xFDD
  1055                           preinc2	equ	0xFDC
  1056                           plusw2	equ	0xFDB
  1057                           fsr2h	equ	0xFDA
  1058                           fsr2l	equ	0xFD9
  1059                           status	equ	0xFD8


Data Sizes:
    Strings     0
    Constant    0
    Data        2
    BSS         4
    Persistent  4
    Stack       0

Auto Spaces:
    Space          Size  Autos    Used
    COMRAM          126      4      14
    BANK0           128      0       0
    BANK1           256      0       0
    BANK2           256      0       0
    BANK3           256      0       0
    BANK4           256      0       0
    BANK5           256      0       0

Pointer List with Targets:

    None.

Critical Paths under _main in COMRAM

    _main->_LED_Init

Critical Paths under _Hi_ISR in COMRAM

    None.

Critical Paths under _main in BANK0

    None.

Critical Paths under _Hi_ISR in BANK0

    None.

Critical Paths under _main in BANK1

    None.

Critical Paths under _Hi_ISR in BANK1

    None.

Critical Paths under _main in BANK2

    None.

Critical Paths under _Hi_ISR in BANK2

    None.

Critical Paths under _main in BANK3

    None.

Critical Paths under _Hi_ISR in BANK3

    None.

Critical Paths under _main in BANK4

    None.

Critical Paths under _Hi_ISR in BANK4

    None.

Critical Paths under _main in BANK5

    None.

Critical Paths under _Hi_ISR in BANK5

    None.

Call Graph Tables:

 ---------------------------------------------------------------------------------
 (Depth) Function   	        Calls       Base Space   Used Autos Params    Refs
 ---------------------------------------------------------------------------------
 (0) _main                                                 0     0      0       0
                           _LED_Init
 ---------------------------------------------------------------------------------
 (1) _LED_Init                                             2     2      0       0
                                              2 COMRAM     2     2      0
 ---------------------------------------------------------------------------------
 Estimated maximum stack depth 1
 ---------------------------------------------------------------------------------
 (Depth) Function   	        Calls       Base Space   Used Autos Params    Refs
 ---------------------------------------------------------------------------------
 (2) _Hi_ISR                                               2     2      0       0
                                              0 COMRAM     2     2      0
 ---------------------------------------------------------------------------------
 Estimated maximum stack depth 2
 ---------------------------------------------------------------------------------

 Call Graph Graphs:

 _main (ROOT)
   _LED_Init

 _Hi_ISR (ROOT)

 Address spaces:
Name               Size   Autos  Total    Cost      Usage
BIGRAM             5FF      0       0      17        0.0%
EEDATA             100      0       0       0        0.0%
BITBANK5           100      0       0      16        0.0%
BANK5              100      0       0      14        0.0%
BITBANK4           100      0       0      12        0.0%
BANK4              100      0       0      13        0.0%
BITBANK3           100      0       0      10        0.0%
BANK3              100      0       0      11        0.0%
BITBANK2           100      0       0       8        0.0%
BANK2              100      0       0       9        0.0%
BITBANK1           100      0       0       6        0.0%
BANK1              100      0       0       7        0.0%
BITBANK0            80      0       0       4        0.0%
BANK0               80      0       0       5        0.0%
BITCOMRAM           7E      0       0       0        0.0%
COMRAM              7E      4       E       1       11.1%
BITSFR               0      0       0     200        0.0%
SFR                  0      0       0     200        0.0%
STACK                0      0       0       2        0.0%
NULL                 0      0       0       0        0.0%
ABS                  0      0       E      15        0.0%
DATA                 0      0       E       3        0.0%
CODE                 0      0       0       0        0.0%


Microchip Technology PIC18 Macro Assembler V2.10 build 88905656 
Symbol Table                                                                                   Mon Dec 30 00:21:03 2019

                     l60 0460                       l65 042C                       l66 042C  
                     l59 0460              __CFG_BORV$3 000000             __CFG_CP0$OFF 000000  
           __CFG_CP1$OFF 000000             __CFG_CP2$OFF 000000             __CFG_CP3$OFF 000000  
                    l801 03DE                      l811 041E                      l803 03E0  
                    l821 0428                      l813 0420                      l805 03FE  
                    l823 042A                      l815 0422                      l807 0418  
                    l817 0424                      l809 041C                      l825 045C  
                    l819 0426                      l781 03B6                      l791 03CC  
                    l783 03B8                      l793 03CE                      l785 03C6  
                    l777 03AA                      l795 03D0                      l787 03C8  
                    l779 03AE                      l797 03D2                      l789 03CA  
                    l799 03DC             __CFG_CPB$OFF 000000                      _PR2 000FCB  
           __CFG_CPD$OFF 000000                      wreg 000FE8             __CFG_LVP$OFF 000000  
           __CFG_WDT$OFF 000000                     i2l80 00E2                     i2l73 00E4  
                   i2l82 01D8                     i2l83 01D6                     i2l95 03A6  
                   _TMR1 000FCE                     _TMR2 000FCC                     _main 045C  
                   btemp 000F                     start 000E            __CFG_IESO$OFF 000000  
          __CFG_MCLRE$ON 000000             ___param_bank 000000         __end_of_LED_Init 0432  
                  ?_main 0009                    _T2CON 000FCA                    i2l901 02EC  
                  i2l911 035E                    i2l903 0320                    i2l831 0028  
                  i2l921 038C                    i2l913 0360                    i2l905 032E  
                  i2l841 00D4                    i2l833 0036                    i2l923 039C  
                  i2l915 0370                    i2l907 0344                    i2l851 0102  
                  i2l843 00F2                    i2l835 0076                    i2l827 0014  
                  i2l925 03A4                    i2l917 0378                    i2l909 034C  
                  i2l861 011C                    i2l853 0104                    i2l845 00F6  
                  i2l837 0084                    i2l829 0022                    i2l919 038A  
                  i2l871 01C8                    i2l863 012A                    i2l855 0106  
                  i2l847 00FA                    i2l839 0092                    i2l881 021E  
                  i2l873 01E6                    i2l865 016A                    i2l857 0108  
                  i2l849 00FC                    i2l883 0230                    i2l891 0298  
                  i2l875 01FA                    i2l867 0178                    i2l859 010E  
                  i2l893 02AA                    i2l885 024C                    i2l877 0208  
                  i2l869 0186                    i2l895 02BC                    i2l879 020C  
                  i2l897 02D8                    i2l889 0260            __CFG_PWRT$OFF 000000  
          __CFG_WRT0$OFF 000000            __CFG_WRT1$OFF 000000            __CFG_WRT2$OFF 000000  
          __CFG_WRT3$OFF 000000           __CFG_EBTR0$OFF 000000           __CFG_FCMEN$OFF 000000  
         __CFG_EBTR1$OFF 000000           __CFG_EBTR2$OFF 000000           __CFG_EBTR3$OFF 000000  
          __CFG_WRTB$OFF 000000            __CFG_WRTC$OFF 000000            __CFG_WRTD$OFF 000000  
         __CFG_EBTRB$OFF 000000                    tablat 000FF5                    ttemp5 0010  
                  ttemp6 0013                    ttemp7 0017                    status 000FD8  
                  wtemp8 0010          __initialization 0432             __end_of_main 0468  
                 ??_main 000D            __activetblptr 000000                   _CCPR1L 000FBE  
                 _CCPR2L 000FBB                   _TMR1IF 007CF0                   i2u1_40 0022  
                 i2u1_41 001E                   i2u2_40 0076                   i2u2_41 0072  
                 i2u3_40 00D4                   i2u3_41 00D0                   i2u4_40 00F2  
                 i2u4_41 00EE                   i2u5_40 011C                   i2u5_41 0118  
                 i2u6_40 016A                   i2u6_41 0166                   i2u7_40 01C8  
                 i2u7_41 01C4                   i2u8_40 01E6                   i2u8_41 01E2  
                 i2u9_40 01FA                   i2u9_41 01F6                   _Hi_ISR 0008  
         __CFG_XINST$OFF 000000           __CFG_STVREN$ON 000000             __pdataCOMRAM 000D  
                 tblptrh 000FF7                   tblptrl 000FF6                   tblptru 000FF8  
             __accesstop 0080  __end_of__initialization 0452          __CFG_PBADEN$OFF 000000  
              ?_LED_Init 0009            ___rparam_used 000001           __pcstackCOMRAM 0009  
             ??_LED_Init 000B               __pnvCOMRAM 0001                  ?_Hi_ISR 0009  
                i2u10_40 0208                  i2u10_41 0204                  i2u11_40 021E  
                i2u11_41 021A                  i2u20_40 038A                  i2u12_40 0230  
                i2u20_41 0386                  i2u12_41 022C                  i2u13_40 024C  
                i2u13_41 0248                  i2u21_47 002E                  i2u14_40 02AA  
                i2u14_41 02A6                  i2u30_47 0392                  i2u22_47 007C  
                i2u15_40 02BC                  i2u15_41 02B8                  i2u23_47 008A  
                i2u16_40 02D8                  i2u16_41 02D4                  i2u24_47 00DA  
                i2u17_40 032E                  i2u17_41 032A                  i2u25_47 0122  
                i2u18_40 0344                  i2u18_41 0340                  i2u26_47 0170  
                i2u19_40 035E                  i2u19_41 035A                  i2u27_47 017E  
                i2u28_47 01CE                  i2u29_47 0366          __size_of_Hi_ISR 03A2  
                __Hparam 0000                  __Lparam 0000               _light_decr 0007  
             _light_incr 0003                  __pcinit 0432                  __ramtop 0600  
                __ptext0 045C                  __ptext1 03AA                _T1CONbits 000FCD  
         __pintcode_body 0012     end_of_initialization 0452                  int_func 0012  
              _PORTDbits 000F83                _TRISCbits 000F94                _TRISDbits 000F95  
            _CCP1CONbits 000FBD              _CCP2CONbits 000FBA           __end_of_Hi_ISR 03AA  
      __size_of_LED_Init 0088            __pidataCOMRAM 0468      start_initialization 0432  
       __CFG_OSC$INTIO67 000000                 ??_Hi_ISR 0009         __CFG_LPT1OSC$OFF 000000  
            __pbssCOMRAM 0005        __CFG_CCP2MX$PORTC 000000                __pintcode 0008  
               _LED_Init 03AA                 _IPR1bits 000F9F                 _PIE1bits 000F9D  
               _PIR1bits 000F9E                 _RCONbits 000FD0         __CFG_WDTPS$32768 000000  
          _temp_for_DC1B 0005            _temp_for_DC2B 0001              _INTCON2bits 000FF1  
            _INTCON3bits 000FF0                 __Hrparam 0000                 __Lrparam 0000  
     __CFG_BOREN$SBORDIS 000000            __size_of_main 000C                 int$flags 000F  
               _switch_A 000D               _INTCONbits 000FF2                 intlevel2 0000  
