Warning[205] C:\USERS\YAN\MPLABXPROJECTS\LAB7.X\NEWASMTEMPLATE.ASM 1 : Found directive in column 1. (LIST)
Warning[205] C:\USERS\YAN\MPLABXPROJECTS\LAB7.X\NEWASMTEMPLATE.ASM 3 : Found directive in column 1. (CONFIG)
Warning[205] C:\USERS\YAN\MPLABXPROJECTS\LAB7.X\NEWASMTEMPLATE.ASM 4 : Found directive in column 1. (CONFIG)
Warning[205] C:\USERS\YAN\MPLABXPROJECTS\LAB7.X\NEWASMTEMPLATE.ASM 5 : Found directive in column 1. (CONFIG)
Warning[207] C:\USERS\YAN\MPLABXPROJECTS\LAB7.X\NEWASMTEMPLATE.ASM 8 : Found label after column 1. (L1)
Warning[207] C:\USERS\YAN\MPLABXPROJECTS\LAB7.X\NEWASMTEMPLATE.ASM 9 : Found label after column 1. (L2)
Warning[205] C:\USERS\YAN\MPLABXPROJECTS\LAB7.X\NEWASMTEMPLATE.ASM 31 : Found directive in column 1. (endm)
Warning[205] C:\USERS\YAN\MPLABXPROJECTS\LAB7.X\NEWASMTEMPLATE.ASM 50 : Found directive in column 1. (endm)
Warning[203] C:\USERS\YAN\MPLABXPROJECTS\LAB7.X\NEWASMTEMPLATE.ASM 52 : Found opcode in column 1. (clrf)
Warning[203] C:\USERS\YAN\MPLABXPROJECTS\LAB7.X\NEWASMTEMPLATE.ASM 53 : Found opcode in column 1. (clrf)
Warning[203] C:\USERS\YAN\MPLABXPROJECTS\LAB7.X\NEWASMTEMPLATE.ASM 54 : Found opcode in column 1. (bsf)
Warning[203] C:\USERS\YAN\MPLABXPROJECTS\LAB7.X\NEWASMTEMPLATE.ASM 55 : Found opcode in column 1. (movlw)
Warning[203] C:\USERS\YAN\MPLABXPROJECTS\LAB7.X\NEWASMTEMPLATE.ASM 56 : Found opcode in column 1. (movwf)
Warning[203] C:\USERS\YAN\MPLABXPROJECTS\LAB7.X\NEWASMTEMPLATE.ASM 57 : Found opcode in column 1. (clrf)
Warning[203] C:\USERS\YAN\MPLABXPROJECTS\LAB7.X\NEWASMTEMPLATE.ASM 58 : Found opcode in column 1. (clrf)
Warning[203] C:\USERS\YAN\MPLABXPROJECTS\LAB7.X\NEWASMTEMPLATE.ASM 60 : Found opcode in column 1. (bsf)
Warning[207] C:\USERS\YAN\MPLABXPROJECTS\LAB7.X\NEWASMTEMPLATE.ASM 18 : Found label after column 1. (LOOP2)
Warning[207] C:\USERS\YAN\MPLABXPROJECTS\LAB7.X\NEWASMTEMPLATE.ASM 21 : Found label after column 1. (LOOP1)
Warning[207] C:\USERS\YAN\MPLABXPROJECTS\LAB7.X\NEWASMTEMPLATE.ASM 37 : Found label after column 1. (LOOP2)
Warning[207] C:\USERS\YAN\MPLABXPROJECTS\LAB7.X\NEWASMTEMPLATE.ASM 40 : Found label after column 1. (LOOP1)
Warning[205] C:\USERS\YAN\MPLABXPROJECTS\LAB7.X\NEWASMTEMPLATE.ASM 90 : Found directive in column 1. (end)
