

Microchip MPLAB XC8 Assembler V2.10 build 88905656 
                                                                                               Mon Dec 30 02:39:16 2019

Microchip MPLAB XC8 C Compiler v2.10 (Free license) build 20190730164152 Og1 
     1                           	processor	18F4520
     2                           	fnconf	rparam,??,?,0
     3                           	opt	pw 120
     4                           	opt	flic
     5                           	psect	idataCOMRAM,global,class=CODE,delta=1,noexec
     6                           	psect	nvCOMRAM,global,class=COMRAM,space=1,delta=1,noexec
     7                           	psect	cinit,global,reloc=2,class=CODE,delta=1
     8                           	psect	bssCOMRAM,global,class=COMRAM,space=1,delta=1,noexec
     9                           	psect	dataCOMRAM,global,class=COMRAM,space=1,delta=1,noexec
    10                           	psect	cstackCOMRAM,global,class=COMRAM,space=1,delta=1,noexec
    11                           	psect	text0,global,reloc=2,class=CODE,delta=1
    12                           	psect	text1,global,reloc=2,class=CODE,delta=1
    13                           	psect	intcode,global,reloc=2,class=CODE,delta=1
    14                           	psect	intcode_body,global,reloc=2,class=CODE,delta=1
    15                           	psect	intsave_regs,global,class=BIGRAM,space=1,delta=1,noexec
    16                           	psect	rparam,global,class=COMRAM,space=1,delta=1,noexec
    17                           	psect	temp,global,ovrld,common,class=COMRAM,space=1,delta=1
    18  0000                     
    19                           ; Version 2.10
    20                           ; Generated 31/07/2019 GMT
    21                           ; 
    22                           ; Copyright © 2019, Microchip Technology Inc. and its subsidiaries ("Microchip")
    23                           ; All rights reserved.
    24                           ; 
    25                           ; This software is developed by Microchip Technology Inc. and its subsidiaries ("Microch
      +                          ip").
    26                           ; 
    27                           ; Redistribution and use in source and binary forms, with or without modification, are
    28                           ; permitted provided that the following conditions are met:
    29                           ; 
    30                           ;     1. Redistributions of source code must retain the above copyright notice, this lis
      +                          t of
    31                           ;        conditions and the following disclaimer.
    32                           ; 
    33                           ;     2. Redistributions in binary form must reproduce the above copyright notice, this 
      +                          list
    34                           ;        of conditions and the following disclaimer in the documentation and/or other
    35                           ;        materials provided with the distribution.
    36                           ; 
    37                           ;     3. Microchip's name may not be used to endorse or promote products derived from th
      +                          is
    38                           ;        software without specific prior written permission.
    39                           ; 
    40                           ; THIS SOFTWARE IS PROVIDED BY MICROCHIP "AS IS" AND ANY EXPRESS OR IMPLIED WARRANTIES,
    41                           ; INCLUDING, BUT NOT LIMITED TO, THE IMPLIED WARRANTIES OF MERCHANTABILITY AND FITNESS F
      +                          OR
    42                           ; PURPOSE ARE DISCLAIMED.  IN NO EVENT SHALL MICROCHIP BE LIABLE FOR ANY DIRECT, INDIREC
      +                          T,
    43                           ; INCIDENTAL, SPECIAL, EXEMPLARY, OR CONSEQUENTIAL DAMAGES (INCLUDING BUT NOT LIMITED TO
    44                           ; PROCUREMENT OF SUBSTITUTE GOODS OR SERVICES; LOSS OF USE, DATA OR PROFITS; OR BUSINESS
    45                           ; INTERRUPTION) HOWSOEVER CAUSED AND ON ANY THEORY OF LIABILITY, WHETHER IN CONTRACT, ST
      +                          RICT
    46                           ; LIABILITY, OR TORT (INCLUDING NEGLIGENCE OR OTHERWISE) ARISING IN ANY WAY OUT OF THE U
      +                          SE OF
    47                           ; THIS SOFTWARE, EVEN IF ADVISED OF THE POSSIBILITY OF SUCH DAMAGE.
    48                           ; 
    49                           ; 
    50                           ; Code-generator required, PIC18F4520 Definitions
    51                           ; 
    52                           ; SFR Addresses
    53  0000                     
    54                           	psect	idataCOMRAM
    55  000474                     __pidataCOMRAM:
    56                           	opt callstack 0
    57                           
    58                           ;initializer for _switch_A
    59  000474  0001               	dw	1
    60                           
    61                           	psect	nvCOMRAM
    62  000009                     __pnvCOMRAM:
    63                           	opt callstack 0
    64  000009                     _temp_for_DC2B:
    65                           	opt callstack 0
    66  000009                     	ds	2
    67  00000B                     _light_incr:
    68                           	opt callstack 0
    69  00000B                     	ds	2
    70  0000                     _TRISCbits	set	3988
    71  0000                     _TMR1	set	4046
    72  0000                     _CCP2CONbits	set	4026
    73  0000                     _CCPR2L	set	4027
    74  0000                     _PIR1bits	set	3998
    75  0000                     _IPR1bits	set	3999
    76  0000                     _PIE1bits	set	3997
    77  0000                     _T1CONbits	set	4045
    78  0000                     _CCP1CONbits	set	4029
    79  0000                     _CCPR1L	set	4030
    80  0000                     _PR2	set	4043
    81  0000                     _RCONbits	set	4048
    82  0000                     _TMR2	set	4044
    83  0000                     _T2CON	set	4042
    84  0000                     _TMR1IF	set	31984
    85  0000                     _INTCON3bits	set	4080
    86  0000                     _INTCON2bits	set	4081
    87  0000                     _INTCONbits	set	4082
    88                           
    89                           ; #config settings
    90  0000                     
    91                           	psect	cinit
    92  00043A                     __pcinit:
    93                           	opt callstack 0
    94  00043A                     start_initialization:
    95                           	opt callstack 0
    96  00043A                     __initialization:
    97                           	opt callstack 0
    98                           
    99                           ; Initialize objects allocated to COMRAM (2 bytes)
   100                           ; load TBLPTR registers with __pidataCOMRAM
   101  00043A  0E74               	movlw	low __pidataCOMRAM
   102  00043C  6EF6               	movwf	tblptrl,c
   103  00043E  0E04               	movlw	high __pidataCOMRAM
   104  000440  6EF7               	movwf	tblptrh,c
   105  000442  0E00               	movlw	low (__pidataCOMRAM shr (0+16))
   106  000444  6EF8               	movwf	tblptru,c
   107  000446  0009               	tblrd		*+	;fetch initializer
   108  000448  CFF5 F011          	movff	tablat,__pdataCOMRAM
   109  00044C  0009               	tblrd		*+	;fetch initializer
   110  00044E  CFF5 F012          	movff	tablat,__pdataCOMRAM+1
   111                           
   112                           ; Clear objects allocated to COMRAM (8 bytes)
   113  000452  EE00  F001         	lfsr	0,__pbssCOMRAM
   114  000456  0E08               	movlw	8
   115  000458                     clear_0:
   116  000458  6AEE               	clrf	postinc0,c
   117  00045A  06E8               	decf	wreg,f,c
   118  00045C  E1FD               	bnz	clear_0
   119  00045E                     end_of_initialization:
   120                           	opt callstack 0
   121  00045E                     __end_of__initialization:
   122                           	opt callstack 0
   123  00045E  9013               	bcf	int$flags,0,c	;clear compiler interrupt flag (level 1)
   124  000460  9213               	bcf	int$flags,1,c	;clear compiler interrupt flag (level 2)
   125  000462  0100               	movlb	0
   126  000464  EF34  F002         	goto	_main	;jump to C main() function
   127                           
   128                           	psect	bssCOMRAM
   129  000001                     __pbssCOMRAM:
   130                           	opt callstack 0
   131  000001                     _light_twenty_times:
   132                           	opt callstack 0
   133  000001                     	ds	2
   134  000003                     _big_price:
   135                           	opt callstack 0
   136  000003                     	ds	2
   137  000005                     _temp_for_DC1B:
   138                           	opt callstack 0
   139  000005                     	ds	2
   140  000007                     _light_decr:
   141                           	opt callstack 0
   142  000007                     	ds	2
   143                           
   144                           	psect	dataCOMRAM
   145  000011                     __pdataCOMRAM:
   146                           	opt callstack 0
   147  000011                     _switch_A:
   148                           	opt callstack 0
   149  000011                     	ds	2
   150                           
   151                           	psect	cstackCOMRAM
   152  00000D                     __pcstackCOMRAM:
   153                           	opt callstack 0
   154  00000D                     ??_Hi_ISR:
   155                           
   156                           ; 1 bytes @ 0x0
   157  00000D                     	ds	2
   158  00000F                     ??_LED_Init:
   159                           
   160                           ; 1 bytes @ 0x2
   161  00000F                     	ds	2
   162  000011                     
   163                           ; 1 bytes @ 0x4
   164 ;;
   165 ;;Main: autosize = 0, tempsize = 0, incstack = 0, save=0
   166 ;;
   167 ;; *************** function _main *****************
   168 ;; Defined at:
   169 ;;		line 87 in file "breathing_light.c"
   170 ;; Parameters:    Size  Location     Type
   171 ;;		None
   172 ;; Auto vars:     Size  Location     Type
   173 ;;		None
   174 ;; Return value:  Size  Location     Type
   175 ;;                  1    wreg      void 
   176 ;; Registers used:
   177 ;;		wreg, status,2, status,0, cstack
   178 ;; Tracked objects:
   179 ;;		On entry : 0/0
   180 ;;		On exit  : 0/0
   181 ;;		Unchanged: 0/0
   182 ;; Data sizes:     COMRAM   BANK0   BANK1   BANK2   BANK3   BANK4   BANK5
   183 ;;      Params:         0       0       0       0       0       0       0
   184 ;;      Locals:         0       0       0       0       0       0       0
   185 ;;      Temps:          0       0       0       0       0       0       0
   186 ;;      Totals:         0       0       0       0       0       0       0
   187 ;;Total ram usage:        0 bytes
   188 ;; Hardware stack levels required when called:    2
   189 ;; This function calls:
   190 ;;		_LED_Init
   191 ;; This function is called by:
   192 ;;		Startup code after reset
   193 ;; This function uses a non-reentrant model
   194 ;;
   195                           
   196                           	psect	text0
   197  000468                     __ptext0:
   198                           	opt callstack 0
   199  000468                     _main:
   200                           	opt callstack 29
   201  000468                     
   202                           ;breathing_light.c: 88:     LED_Init();
   203  000468  ECD9  F001         	call	_LED_Init	;wreg free
   204  00046C                     l59:
   205  00046C  EF36  F002         	goto	l59
   206  000470  EF07  F000         	goto	start
   207  000474                     __end_of_main:
   208                           	opt callstack 0
   209                           
   210 ;; *************** function _LED_Init *****************
   211 ;; Defined at:
   212 ;;		line 92 in file "breathing_light.c"
   213 ;; Parameters:    Size  Location     Type
   214 ;;		None
   215 ;; Auto vars:     Size  Location     Type
   216 ;;		None
   217 ;; Return value:  Size  Location     Type
   218 ;;                  1    wreg      void 
   219 ;; Registers used:
   220 ;;		wreg, status,2, status,0
   221 ;; Tracked objects:
   222 ;;		On entry : 0/0
   223 ;;		On exit  : 0/0
   224 ;;		Unchanged: 0/0
   225 ;; Data sizes:     COMRAM   BANK0   BANK1   BANK2   BANK3   BANK4   BANK5
   226 ;;      Params:         0       0       0       0       0       0       0
   227 ;;      Locals:         0       0       0       0       0       0       0
   228 ;;      Temps:          2       0       0       0       0       0       0
   229 ;;      Totals:         2       0       0       0       0       0       0
   230 ;;Total ram usage:        2 bytes
   231 ;; Hardware stack levels used:    1
   232 ;; Hardware stack levels required when called:    1
   233 ;; This function calls:
   234 ;;		Nothing
   235 ;; This function is called by:
   236 ;;		_main
   237 ;; This function uses a non-reentrant model
   238 ;;
   239                           
   240                           	psect	text1
   241  0003B2                     __ptext1:
   242                           	opt callstack 0
   243  0003B2                     _LED_Init:
   244                           	opt callstack 29
   245  0003B2                     
   246                           ;breathing_light.c: 94:     TRISCbits.TRISC2 = 0;
   247  0003B2  9494               	bcf	148,2,c	;volatile
   248                           
   249                           ;breathing_light.c: 95:     TRISCbits.TRISC1 = 0;
   250  0003B4  9294               	bcf	148,1,c	;volatile
   251  0003B6                     
   252                           ;breathing_light.c: 97:     T2CON = 0x07;
   253  0003B6  0E07               	movlw	7
   254  0003B8  6ECA               	movwf	202,c	;volatile
   255                           
   256                           ;breathing_light.c: 98:     TMR2 = 0;
   257  0003BA  0E00               	movlw	0
   258  0003BC  6ECC               	movwf	204,c	;volatile
   259  0003BE                     
   260                           ;breathing_light.c: 100:     RCONbits.IPEN = 1;
   261  0003BE  8ED0               	bsf	208,7,c	;volatile
   262  0003C0                     
   263                           ;breathing_light.c: 101:     INTCONbits.GIE = 1;
   264  0003C0  8EF2               	bsf	242,7,c	;volatile
   265                           
   266                           ;breathing_light.c: 103:     PR2 = 30;
   267  0003C2  0E1E               	movlw	30
   268  0003C4  6ECB               	movwf	203,c	;volatile
   269                           
   270                           ;breathing_light.c: 104:     CCPR1L = 0;
   271  0003C6  0E00               	movlw	0
   272  0003C8  6EBE               	movwf	190,c	;volatile
   273                           
   274                           ;breathing_light.c: 105:     CCP1CONbits.DC1B = 0;
   275  0003CA  0ECF               	movlw	-49
   276  0003CC  16BD               	andwf	189,f,c	;volatile
   277  0003CE                     
   278                           ;breathing_light.c: 107:     CCP1CONbits.CCP1M3 = 1;
   279  0003CE  86BD               	bsf	189,3,c	;volatile
   280  0003D0                     
   281                           ;breathing_light.c: 108:     CCP1CONbits.CCP1M2 = 1;
   282  0003D0  84BD               	bsf	189,2,c	;volatile
   283  0003D2                     
   284                           ;breathing_light.c: 109:     CCP1CONbits.CCP1M1 = 0;
   285  0003D2  92BD               	bcf	189,1,c	;volatile
   286  0003D4                     
   287                           ;breathing_light.c: 110:     CCP1CONbits.CCP1M0 = 0;
   288  0003D4  90BD               	bcf	189,0,c	;volatile
   289  0003D6                     
   290                           ;breathing_light.c: 113:     T1CONbits.RD16 = 1;
   291  0003D6  8ECD               	bsf	205,7,c	;volatile
   292  0003D8                     
   293                           ;breathing_light.c: 114:     T1CONbits.TMR1ON = 1;
   294  0003D8  80CD               	bsf	205,0,c	;volatile
   295  0003DA                     
   296                           ;breathing_light.c: 115:     T1CONbits.TMR1CS = 0;
   297  0003DA  92CD               	bcf	205,1,c	;volatile
   298                           
   299                           ;breathing_light.c: 117:     TMR1 = 50000;
   300  0003DC  0EC3               	movlw	195
   301  0003DE  6ECF               	movwf	207,c	;volatile
   302  0003E0  0E50               	movlw	80
   303  0003E2  6ECE               	movwf	206,c	;volatile
   304  0003E4                     
   305                           ;breathing_light.c: 118:     PIE1bits.TMR1IE = 1;
   306  0003E4  809D               	bsf	157,0,c	;volatile
   307  0003E6                     
   308                           ;breathing_light.c: 119:     IPR1bits.TMR1IP = 1;
   309  0003E6  809F               	bsf	159,0,c	;volatile
   310  0003E8                     
   311                           ;breathing_light.c: 120:     PIR1bits.TMR1IF = 0;
   312  0003E8  909E               	bcf	158,0,c	;volatile
   313                           
   314                           ;breathing_light.c: 122:     light_incr = 1;
   315  0003EA  0E00               	movlw	0
   316  0003EC  6E0C               	movwf	(_light_incr+1)^0,c
   317  0003EE  0E01               	movlw	1
   318  0003F0  6E0B               	movwf	_light_incr^0,c
   319                           
   320                           ;breathing_light.c: 123:     light_decr = 0;
   321  0003F2  0E00               	movlw	0
   322  0003F4  6E08               	movwf	(_light_decr+1)^0,c
   323  0003F6  0E00               	movlw	0
   324  0003F8  6E07               	movwf	_light_decr^0,c
   325                           
   326                           ;breathing_light.c: 125:     temp_for_DC1B = 0;
   327  0003FA  0E00               	movlw	0
   328  0003FC  6E06               	movwf	(_temp_for_DC1B+1)^0,c
   329  0003FE  0E00               	movlw	0
   330  000400  6E05               	movwf	_temp_for_DC1B^0,c
   331                           
   332                           ;breathing_light.c: 126:     CCPR2L = 5;
   333  000402  0E05               	movlw	5
   334  000404  6EBB               	movwf	187,c	;volatile
   335  000406                     
   336                           ;breathing_light.c: 127:     temp_for_DC2B = CCPR2L << 2;
   337  000406  50BB               	movf	187,w,c	;volatile
   338  000408  6E0F               	movwf	??_LED_Init^0,c
   339  00040A  6A10               	clrf	(??_LED_Init+1)^0,c
   340  00040C  90D8               	bcf	status,0,c
   341  00040E  360F               	rlcf	??_LED_Init^0,f,c
   342  000410  3610               	rlcf	(??_LED_Init+1)^0,f,c
   343  000412  90D8               	bcf	status,0,c
   344  000414  360F               	rlcf	??_LED_Init^0,f,c
   345  000416  3610               	rlcf	(??_LED_Init+1)^0,f,c
   346  000418  C00F  F009         	movff	??_LED_Init,_temp_for_DC2B
   347  00041C  C010  F00A         	movff	??_LED_Init+1,_temp_for_DC2B+1
   348  000420                     
   349                           ;breathing_light.c: 129:     CCP2CONbits.DC2B = 0;
   350  000420  0ECF               	movlw	-49
   351  000422  16BA               	andwf	186,f,c	;volatile
   352  000424                     
   353                           ;breathing_light.c: 130:     CCP2CONbits.CCP2M3 = 1;
   354  000424  86BA               	bsf	186,3,c	;volatile
   355  000426                     
   356                           ;breathing_light.c: 131:     CCP2CONbits.CCP2M2 = 1;
   357  000426  84BA               	bsf	186,2,c	;volatile
   358  000428                     
   359                           ;breathing_light.c: 132:     CCP2CONbits.CCP2M1 = 0;
   360  000428  92BA               	bcf	186,1,c	;volatile
   361  00042A                     
   362                           ;breathing_light.c: 133:     CCP2CONbits.CCP2M0 = 0;
   363  00042A  90BA               	bcf	186,0,c	;volatile
   364  00042C                     
   365                           ;breathing_light.c: 136:     INTCONbits.INT0IE = 1;
   366  00042C  88F2               	bsf	242,4,c	;volatile
   367  00042E                     
   368                           ;breathing_light.c: 137:     INTCON2bits.INTEDG0 = 0;
   369  00042E  9CF1               	bcf	241,6,c	;volatile
   370  000430                     
   371                           ;breathing_light.c: 140:      INTCON3bits.INT1IE = 1;
   372  000430  86F0               	bsf	240,3,c	;volatile
   373  000432                     
   374                           ;breathing_light.c: 141:      INTCON2bits.INTEDG1 = 0;
   375  000432  9AF1               	bcf	241,5,c	;volatile
   376  000434                     l65:
   377  000434  EF1A  F002         	goto	l65
   378  000438  0012               	return		;funcret
   379  00043A                     __end_of_LED_Init:
   380                           	opt callstack 0
   381                           
   382 ;; *************** function _Hi_ISR *****************
   383 ;; Defined at:
   384 ;;		line 146 in file "breathing_light.c"
   385 ;; Parameters:    Size  Location     Type
   386 ;;		None
   387 ;; Auto vars:     Size  Location     Type
   388 ;;		None
   389 ;; Return value:  Size  Location     Type
   390 ;;                  1    wreg      void 
   391 ;; Registers used:
   392 ;;		wreg, status,2, status,0
   393 ;; Tracked objects:
   394 ;;		On entry : 0/0
   395 ;;		On exit  : 0/0
   396 ;;		Unchanged: 0/0
   397 ;; Data sizes:     COMRAM   BANK0   BANK1   BANK2   BANK3   BANK4   BANK5
   398 ;;      Params:         0       0       0       0       0       0       0
   399 ;;      Locals:         0       0       0       0       0       0       0
   400 ;;      Temps:          2       0       0       0       0       0       0
   401 ;;      Totals:         2       0       0       0       0       0       0
   402 ;;Total ram usage:        2 bytes
   403 ;; Hardware stack levels used:    1
   404 ;; This function calls:
   405 ;;		Nothing
   406 ;; This function is called by:
   407 ;;		Interrupt level 2
   408 ;; This function uses a non-reentrant model
   409 ;;
   410                           
   411                           	psect	intcode
   412  000008                     __pintcode:
   413                           	opt callstack 0
   414  000008                     _Hi_ISR:
   415                           	opt callstack 29
   416                           
   417                           ;incstack = 0
   418  000008  8213               	bsf	int$flags,1,c	;set compiler interrupt flag (level 2)
   419  00000A  ED09  F000         	call	int_func,f	;refresh shadow registers
   420                           
   421                           	psect	intcode_body
   422  000012                     __pintcode_body:
   423                           	opt callstack 29
   424  000012                     int_func:
   425                           	opt callstack 29
   426  000012  0006               	pop		; remove dummy address from shadow register refresh
   427  000014                     
   428                           ;breathing_light.c: 148:     if(INTCON3bits.INT1IF){
   429  000014  A0F0               	btfss	240,0,c	;volatile
   430  000016  EF0F  F000         	goto	i2u1_41
   431  00001A  EF11  F000         	goto	i2u1_40
   432  00001E                     i2u1_41:
   433  00001E  EF6F  F000         	goto	i2l73
   434  000022                     i2u1_40:
   435  000022                     
   436                           ;breathing_light.c: 149:         INTCON3bits.INT1IE = 0;
   437  000022  96F0               	bcf	240,3,c	;volatile
   438                           
   439                           ;breathing_light.c: 150:         INTCONbits.INT0IF = 0;
   440  000024  92F2               	bcf	242,1,c	;volatile
   441                           
   442                           ;breathing_light.c: 151:         INTCON3bits.INT1IF = 0;
   443  000026  90F0               	bcf	240,0,c	;volatile
   444  000028                     i2l832:
   445                           
   446                           ;breathing_light.c: 155:             _delay(10000);
   447  000028  0E0D               	movlw	13
   448  00002A  6E0D               	movwf	??_Hi_ISR^0,c
   449  00002C  0EFC               	movlw	252
   450  00002E                     i2u21_47:
   451  00002E  2EE8               	decfsz	wreg,f,c
   452  000030  D7FE               	bra	i2u21_47
   453  000032  2E0D               	decfsz	??_Hi_ISR^0,f,c
   454  000034  D7FC               	bra	i2u21_47
   455  000036                     
   456                           ;breathing_light.c: 156:             temp_for_DC2B++;
   457  000036  4A09               	infsnz	_temp_for_DC2B^0,f,c
   458  000038  2A0A               	incf	(_temp_for_DC2B+1)^0,f,c
   459                           
   460                           ;breathing_light.c: 157:             CCPR2L = temp_for_DC2B >> 2;
   461  00003A  C009  F00D         	movff	_temp_for_DC2B,??_Hi_ISR
   462  00003E  C00A  F00E         	movff	_temp_for_DC2B+1,??_Hi_ISR+1
   463  000042  340E               	rlcf	(??_Hi_ISR+1)^0,w,c
   464  000044  320E               	rrcf	(??_Hi_ISR+1)^0,f,c
   465  000046  320D               	rrcf	??_Hi_ISR^0,f,c
   466  000048  340E               	rlcf	(??_Hi_ISR+1)^0,w,c
   467  00004A  320E               	rrcf	(??_Hi_ISR+1)^0,f,c
   468  00004C  320D               	rrcf	??_Hi_ISR^0,f,c
   469  00004E  500D               	movf	??_Hi_ISR^0,w,c
   470  000050  6EBB               	movwf	187,c	;volatile
   471                           
   472                           ;breathing_light.c: 158:             CCP2CONbits.DC2B = temp_for_DC2B & 0b00000011;
   473  000052  C009  F00D         	movff	_temp_for_DC2B,??_Hi_ISR
   474  000056  0E03               	movlw	3
   475  000058  160D               	andwf	??_Hi_ISR^0,f,c
   476  00005A  3A0D               	swapf	??_Hi_ISR^0,f,c
   477  00005C  50BA               	movf	186,w,c	;volatile
   478  00005E  180D               	xorwf	??_Hi_ISR^0,w,c
   479  000060  0BCF               	andlw	-49
   480  000062  180D               	xorwf	??_Hi_ISR^0,w,c
   481  000064  6EBA               	movwf	186,c	;volatile
   482                           
   483                           ;breathing_light.c: 160:             if (CCPR2L >= 17 ){
   484  000066  0E10               	movlw	16
   485  000068  64BB               	cpfsgt	187,c	;volatile
   486  00006A  EF39  F000         	goto	i2u2_41
   487  00006E  EF3B  F000         	goto	i2u2_40
   488  000072                     i2u2_41:
   489  000072  EF14  F000         	goto	i2l832
   490  000076                     i2u2_40:
   491  000076                     
   492                           ;breathing_light.c: 161:                 _delay(100000);
   493  000076  0E82               	movlw	130
   494  000078  6E0D               	movwf	??_Hi_ISR^0,c
   495  00007A  0EDE               	movlw	222
   496  00007C                     i2u22_47:
   497  00007C  2EE8               	decfsz	wreg,f,c
   498  00007E  D7FE               	bra	i2u22_47
   499  000080  2E0D               	decfsz	??_Hi_ISR^0,f,c
   500  000082  D7FC               	bra	i2u22_47
   501  000084                     i2l838:
   502                           
   503                           ;breathing_light.c: 168:             _delay(1000);
   504  000084  0EC8               	movlw	200
   505  000086                     i2u23_47:
   506  000086  D000               	nop2	
   507  000088  2EE8               	decfsz	wreg,f,c
   508  00008A  D7FD               	bra	i2u23_47
   509  00008C                     
   510                           ;breathing_light.c: 169:             temp_for_DC2B--;
   511  00008C  0609               	decf	_temp_for_DC2B^0,f,c
   512  00008E  A0D8               	btfss	status,0,c
   513  000090  060A               	decf	(_temp_for_DC2B+1)^0,f,c
   514                           
   515                           ;breathing_light.c: 170:             CCPR2L = temp_for_DC2B >> 2;
   516  000092  C009  F00D         	movff	_temp_for_DC2B,??_Hi_ISR
   517  000096  C00A  F00E         	movff	_temp_for_DC2B+1,??_Hi_ISR+1
   518  00009A  340E               	rlcf	(??_Hi_ISR+1)^0,w,c
   519  00009C  320E               	rrcf	(??_Hi_ISR+1)^0,f,c
   520  00009E  320D               	rrcf	??_Hi_ISR^0,f,c
   521  0000A0  340E               	rlcf	(??_Hi_ISR+1)^0,w,c
   522  0000A2  320E               	rrcf	(??_Hi_ISR+1)^0,f,c
   523  0000A4  320D               	rrcf	??_Hi_ISR^0,f,c
   524  0000A6  500D               	movf	??_Hi_ISR^0,w,c
   525  0000A8  6EBB               	movwf	187,c	;volatile
   526                           
   527                           ;breathing_light.c: 171:             CCP2CONbits.DC2B = temp_for_DC2B & 0b00000011;
   528  0000AA  C009  F00D         	movff	_temp_for_DC2B,??_Hi_ISR
   529  0000AE  0E03               	movlw	3
   530  0000B0  160D               	andwf	??_Hi_ISR^0,f,c
   531  0000B2  3A0D               	swapf	??_Hi_ISR^0,f,c
   532  0000B4  50BA               	movf	186,w,c	;volatile
   533  0000B6  180D               	xorwf	??_Hi_ISR^0,w,c
   534  0000B8  0BCF               	andlw	-49
   535  0000BA  180D               	xorwf	??_Hi_ISR^0,w,c
   536  0000BC  6EBA               	movwf	186,c	;volatile
   537                           
   538                           ;breathing_light.c: 173:             if(CCPR2L <= 5){
   539  0000BE  0E06               	movlw	6
   540  0000C0  60BB               	cpfslt	187,c	;volatile
   541  0000C2  EF65  F000         	goto	i2u3_41
   542  0000C6  EF67  F000         	goto	i2u3_40
   543  0000CA                     i2u3_41:
   544  0000CA  EF42  F000         	goto	i2l838
   545  0000CE                     i2u3_40:
   546  0000CE                     
   547                           ;breathing_light.c: 174:                 _delay(100000);
   548  0000CE  0E82               	movlw	130
   549  0000D0  6E0D               	movwf	??_Hi_ISR^0,c
   550  0000D2  0EDE               	movlw	222
   551  0000D4                     i2u24_47:
   552  0000D4  2EE8               	decfsz	wreg,f,c
   553  0000D6  D7FE               	bra	i2u24_47
   554  0000D8  2E0D               	decfsz	??_Hi_ISR^0,f,c
   555  0000DA  D7FC               	bra	i2u24_47
   556  0000DC                     
   557                           ;breathing_light.c: 178:         INTCON3bits.INT1IE = 1;
   558  0000DC  86F0               	bsf	240,3,c	;volatile
   559  0000DE                     i2l73:
   560                           
   561                           ;breathing_light.c: 181:     if(INTCONbits.INT0IF){
   562  0000DE  A2F2               	btfss	242,1,c	;volatile
   563  0000E0  EF74  F000         	goto	i2u4_41
   564  0000E4  EF76  F000         	goto	i2u4_40
   565  0000E8                     i2u4_41:
   566  0000E8  EFE6  F000         	goto	i2l82
   567  0000EC                     i2u4_40:
   568  0000EC                     
   569                           ;breathing_light.c: 182:         INTCONbits.INT0IF = 0;
   570  0000EC  92F2               	bcf	242,1,c	;volatile
   571                           
   572                           ;breathing_light.c: 183:         INTCONbits.INT0IE = 0;
   573  0000EE  98F2               	bcf	242,4,c	;volatile
   574  0000F0                     
   575                           ;breathing_light.c: 189:         CCP2CONbits.DC2B = 0;
   576  0000F0  0ECF               	movlw	-49
   577  0000F2  16BA               	andwf	186,f,c	;volatile
   578  0000F4                     
   579                           ;breathing_light.c: 191:         CCP2CONbits.CCP2M3 = 1;
   580  0000F4  86BA               	bsf	186,3,c	;volatile
   581  0000F6                     
   582                           ;breathing_light.c: 192:         CCP2CONbits.CCP2M2 = 1;
   583  0000F6  84BA               	bsf	186,2,c	;volatile
   584  0000F8                     
   585                           ;breathing_light.c: 193:         CCP2CONbits.CCP2M1 = 0;
   586  0000F8  92BA               	bcf	186,1,c	;volatile
   587  0000FA                     
   588                           ;breathing_light.c: 194:         CCP2CONbits.CCP2M0 = 0;
   589  0000FA  90BA               	bcf	186,0,c	;volatile
   590                           
   591                           ;breathing_light.c: 195:         CCPR2L = 11;
   592  0000FC  0E0B               	movlw	11
   593  0000FE  6EBB               	movwf	187,c	;volatile
   594                           
   595                           ;breathing_light.c: 197:         big_price = 1;
   596  000100  0E00               	movlw	0
   597  000102  6E04               	movwf	(_big_price+1)^0,c
   598  000104  0E01               	movlw	1
   599  000106  6E03               	movwf	_big_price^0,c
   600  000108                     
   601                           ;breathing_light.c: 199:         if(CCP2CONbits.CCP2M3 > 0){
   602  000108  A6BA               	btfss	186,3,c	;volatile
   603  00010A  EF89  F000         	goto	i2u5_41
   604  00010E  EF8B  F000         	goto	i2u5_40
   605  000112                     i2u5_41:
   606  000112  EFE5  F000         	goto	i2l83
   607  000116                     i2u5_40:
   608  000116                     i2l858:
   609                           
   610                           ;breathing_light.c: 201:                 _delay(10000);
   611  000116  0E0D               	movlw	13
   612  000118  6E0D               	movwf	??_Hi_ISR^0,c
   613  00011A  0EFC               	movlw	252
   614  00011C                     i2u25_47:
   615  00011C  2EE8               	decfsz	wreg,f,c
   616  00011E  D7FE               	bra	i2u25_47
   617  000120  2E0D               	decfsz	??_Hi_ISR^0,f,c
   618  000122  D7FC               	bra	i2u25_47
   619  000124                     
   620                           ;breathing_light.c: 202:                 temp_for_DC2B++;
   621  000124  4A09               	infsnz	_temp_for_DC2B^0,f,c
   622  000126  2A0A               	incf	(_temp_for_DC2B+1)^0,f,c
   623                           
   624                           ;breathing_light.c: 203:                 CCPR2L = temp_for_DC2B >> 2;
   625  000128  C009  F00D         	movff	_temp_for_DC2B,??_Hi_ISR
   626  00012C  C00A  F00E         	movff	_temp_for_DC2B+1,??_Hi_ISR+1
   627  000130  340E               	rlcf	(??_Hi_ISR+1)^0,w,c
   628  000132  320E               	rrcf	(??_Hi_ISR+1)^0,f,c
   629  000134  320D               	rrcf	??_Hi_ISR^0,f,c
   630  000136  340E               	rlcf	(??_Hi_ISR+1)^0,w,c
   631  000138  320E               	rrcf	(??_Hi_ISR+1)^0,f,c
   632  00013A  320D               	rrcf	??_Hi_ISR^0,f,c
   633  00013C  500D               	movf	??_Hi_ISR^0,w,c
   634  00013E  6EBB               	movwf	187,c	;volatile
   635                           
   636                           ;breathing_light.c: 204:                 CCP2CONbits.DC2B = temp_for_DC2B & 0b00000011;
   637  000140  C009  F00D         	movff	_temp_for_DC2B,??_Hi_ISR
   638  000144  0E03               	movlw	3
   639  000146  160D               	andwf	??_Hi_ISR^0,f,c
   640  000148  3A0D               	swapf	??_Hi_ISR^0,f,c
   641  00014A  50BA               	movf	186,w,c	;volatile
   642  00014C  180D               	xorwf	??_Hi_ISR^0,w,c
   643  00014E  0BCF               	andlw	-49
   644  000150  180D               	xorwf	??_Hi_ISR^0,w,c
   645  000152  6EBA               	movwf	186,c	;volatile
   646                           
   647                           ;breathing_light.c: 206:                 if (CCPR2L >= 16 ){
   648  000154  0E0F               	movlw	15
   649  000156  64BB               	cpfsgt	187,c	;volatile
   650  000158  EFB0  F000         	goto	i2u6_41
   651  00015C  EFB2  F000         	goto	i2u6_40
   652  000160                     i2u6_41:
   653  000160  EF8B  F000         	goto	i2l858
   654  000164                     i2u6_40:
   655  000164                     
   656                           ;breathing_light.c: 207:                     _delay(100000);
   657  000164  0E82               	movlw	130
   658  000166  6E0D               	movwf	??_Hi_ISR^0,c
   659  000168  0EDE               	movlw	222
   660  00016A                     i2u26_47:
   661  00016A  2EE8               	decfsz	wreg,f,c
   662  00016C  D7FE               	bra	i2u26_47
   663  00016E  2E0D               	decfsz	??_Hi_ISR^0,f,c
   664  000170  D7FC               	bra	i2u26_47
   665  000172                     i2l864:
   666                           
   667                           ;breathing_light.c: 213:                 _delay(1000);
   668  000172  0EC8               	movlw	200
   669  000174                     i2u27_47:
   670  000174  D000               	nop2	
   671  000176  2EE8               	decfsz	wreg,f,c
   672  000178  D7FD               	bra	i2u27_47
   673  00017A                     
   674                           ;breathing_light.c: 214:                 temp_for_DC2B--;
   675  00017A  0609               	decf	_temp_for_DC2B^0,f,c
   676  00017C  A0D8               	btfss	status,0,c
   677  00017E  060A               	decf	(_temp_for_DC2B+1)^0,f,c
   678                           
   679                           ;breathing_light.c: 215:                 CCPR2L = temp_for_DC2B >> 2;
   680  000180  C009  F00D         	movff	_temp_for_DC2B,??_Hi_ISR
   681  000184  C00A  F00E         	movff	_temp_for_DC2B+1,??_Hi_ISR+1
   682  000188  340E               	rlcf	(??_Hi_ISR+1)^0,w,c
   683  00018A  320E               	rrcf	(??_Hi_ISR+1)^0,f,c
   684  00018C  320D               	rrcf	??_Hi_ISR^0,f,c
   685  00018E  340E               	rlcf	(??_Hi_ISR+1)^0,w,c
   686  000190  320E               	rrcf	(??_Hi_ISR+1)^0,f,c
   687  000192  320D               	rrcf	??_Hi_ISR^0,f,c
   688  000194  500D               	movf	??_Hi_ISR^0,w,c
   689  000196  6EBB               	movwf	187,c	;volatile
   690                           
   691                           ;breathing_light.c: 216:                 CCP2CONbits.DC2B = temp_for_DC2B & 0b00000011;
   692  000198  C009  F00D         	movff	_temp_for_DC2B,??_Hi_ISR
   693  00019C  0E03               	movlw	3
   694  00019E  160D               	andwf	??_Hi_ISR^0,f,c
   695  0001A0  3A0D               	swapf	??_Hi_ISR^0,f,c
   696  0001A2  50BA               	movf	186,w,c	;volatile
   697  0001A4  180D               	xorwf	??_Hi_ISR^0,w,c
   698  0001A6  0BCF               	andlw	-49
   699  0001A8  180D               	xorwf	??_Hi_ISR^0,w,c
   700  0001AA  6EBA               	movwf	186,c	;volatile
   701                           
   702                           ;breathing_light.c: 218:                 if(CCPR2L <= 5){
   703  0001AC  0E06               	movlw	6
   704  0001AE  60BB               	cpfslt	187,c	;volatile
   705  0001B0  EFDC  F000         	goto	i2u7_41
   706  0001B4  EFDE  F000         	goto	i2u7_40
   707  0001B8                     i2u7_41:
   708  0001B8  EFB9  F000         	goto	i2l864
   709  0001BC                     i2u7_40:
   710  0001BC                     
   711                           ;breathing_light.c: 219:                     _delay(100000);
   712  0001BC  0E82               	movlw	130
   713  0001BE  6E0D               	movwf	??_Hi_ISR^0,c
   714  0001C0  0EDE               	movlw	222
   715  0001C2                     i2u28_47:
   716  0001C2  2EE8               	decfsz	wreg,f,c
   717  0001C4  D7FE               	bra	i2u28_47
   718  0001C6  2E0D               	decfsz	??_Hi_ISR^0,f,c
   719  0001C8  D7FC               	bra	i2u28_47
   720  0001CA                     i2l83:
   721                           
   722                           ;breathing_light.c: 224:         INTCONbits.INT0IE = 1;
   723  0001CA  88F2               	bsf	242,4,c	;volatile
   724  0001CC                     i2l82:
   725                           
   726                           ;breathing_light.c: 227:     if(TMR1IF && (CCP1CONbits.CCP1M > 0) && (!INTCONbits.INT0IF
      +                          ) && !big_price)
   727  0001CC  A09E               	btfss	3998,0,c	;volatile
   728  0001CE  EFEB  F000         	goto	i2u8_41
   729  0001D2  EFED  F000         	goto	i2u8_40
   730  0001D6                     i2u8_41:
   731  0001D6  EF97  F001         	goto	i2l92
   732  0001DA                     i2u8_40:
   733  0001DA  50BD               	movf	189,w,c	;volatile
   734  0001DC  0B0F               	andlw	15
   735  0001DE  0900               	iorlw	0
   736  0001E0  B4D8               	btfsc	status,2,c
   737  0001E2  EFF5  F000         	goto	i2u9_41
   738  0001E6  EFF7  F000         	goto	i2u9_40
   739  0001EA                     i2u9_41:
   740  0001EA  EF97  F001         	goto	i2l92
   741  0001EE                     i2u9_40:
   742  0001EE  B2F2               	btfsc	242,1,c	;volatile
   743  0001F0  EFFC  F000         	goto	i2u10_41
   744  0001F4  EFFE  F000         	goto	i2u10_40
   745  0001F8                     i2u10_41:
   746  0001F8  EF97  F001         	goto	i2l92
   747  0001FC                     i2u10_40:
   748  0001FC  5003               	movf	_big_price^0,w,c
   749  0001FE  1004               	iorwf	(_big_price+1)^0,w,c
   750  000200  A4D8               	btfss	status,2,c
   751  000202  EF05  F001         	goto	i2u11_41
   752  000206  EF07  F001         	goto	i2u11_40
   753  00020A                     i2u11_41:
   754  00020A  EF97  F001         	goto	i2l92
   755  00020E                     i2u11_40:
   756  00020E                     
   757                           ;breathing_light.c: 228:     {;breathing_light.c: 229:         TMR1IF = 0;
   758  00020E  909E               	bcf	3998,0,c	;volatile
   759                           
   760                           ;breathing_light.c: 230:         INTCONbits.INT0IF = 0;
   761  000210  92F2               	bcf	242,1,c	;volatile
   762  000212                     
   763                           ;breathing_light.c: 231:         if(light_incr == 1 && light_decr ==0)
   764  000212  040B               	decf	_light_incr^0,w,c
   765  000214  100C               	iorwf	(_light_incr+1)^0,w,c
   766  000216  A4D8               	btfss	status,2,c
   767  000218  EF10  F001         	goto	i2u12_41
   768  00021C  EF12  F001         	goto	i2u12_40
   769  000220                     i2u12_41:
   770  000220  EF51  F001         	goto	i2l890
   771  000224                     i2u12_40:
   772  000224  5007               	movf	_light_decr^0,w,c
   773  000226  1008               	iorwf	(_light_decr+1)^0,w,c
   774  000228  A4D8               	btfss	status,2,c
   775  00022A  EF19  F001         	goto	i2u13_41
   776  00022E  EF1B  F001         	goto	i2u13_40
   777  000232                     i2u13_41:
   778  000232  EF51  F001         	goto	i2l890
   779  000236                     i2u13_40:
   780  000236                     
   781                           ;breathing_light.c: 232:         {;breathing_light.c: 233:             if(temp_for_DC1B 
      +                          >= 30) {
   782  000236  BE06               	btfsc	(_temp_for_DC1B+1)^0,7,c
   783  000238  EF27  F001         	goto	i2u14_41
   784  00023C  5006               	movf	(_temp_for_DC1B+1)^0,w,c
   785  00023E  E109               	bnz	i2u14_40
   786  000240  0E1E               	movlw	30
   787  000242  5C05               	subwf	_temp_for_DC1B^0,w,c
   788  000244  A0D8               	btfss	status,0,c
   789  000246  EF27  F001         	goto	i2u14_41
   790  00024A  EF29  F001         	goto	i2u14_40
   791  00024E                     i2u14_41:
   792  00024E  EF35  F001         	goto	i2l888
   793  000252                     i2u14_40:
   794  000252                     
   795                           ;breathing_light.c: 234:                 light_incr = 0;
   796  000252  0E00               	movlw	0
   797  000254  6E0C               	movwf	(_light_incr+1)^0,c
   798  000256  0E00               	movlw	0
   799  000258  6E0B               	movwf	_light_incr^0,c
   800                           
   801                           ;breathing_light.c: 235:                 light_decr = 1;
   802  00025A  0E00               	movlw	0
   803  00025C  6E08               	movwf	(_light_decr+1)^0,c
   804  00025E  0E01               	movlw	1
   805  000260  6E07               	movwf	_light_decr^0,c
   806  000262  EFD7  F001         	goto	i2l95
   807  000266                     i2l886:
   808                           
   809                           ;breathing_light.c: 236:                 return;
   810  000266  EFD7  F001         	goto	i2l95
   811  00026A                     i2l888:
   812                           
   813                           ;breathing_light.c: 238:             temp_for_DC1B += 2;
   814  00026A  0E02               	movlw	2
   815  00026C  2605               	addwf	_temp_for_DC1B^0,f,c
   816  00026E  0E00               	movlw	0
   817  000270  2206               	addwfc	(_temp_for_DC1B+1)^0,f,c
   818                           
   819                           ;breathing_light.c: 239:             CCPR1L = temp_for_DC1B >> 2;
   820  000272  C005  F00D         	movff	_temp_for_DC1B,??_Hi_ISR
   821  000276  C006  F00E         	movff	_temp_for_DC1B+1,??_Hi_ISR+1
   822  00027A  340E               	rlcf	(??_Hi_ISR+1)^0,w,c
   823  00027C  320E               	rrcf	(??_Hi_ISR+1)^0,f,c
   824  00027E  320D               	rrcf	??_Hi_ISR^0,f,c
   825  000280  340E               	rlcf	(??_Hi_ISR+1)^0,w,c
   826  000282  320E               	rrcf	(??_Hi_ISR+1)^0,f,c
   827  000284  320D               	rrcf	??_Hi_ISR^0,f,c
   828  000286  500D               	movf	??_Hi_ISR^0,w,c
   829  000288  6EBE               	movwf	190,c	;volatile
   830                           
   831                           ;breathing_light.c: 241:             CCP1CONbits.DC1B = temp_for_DC1B & 0b00000011;
   832  00028A  C005  F00D         	movff	_temp_for_DC1B,??_Hi_ISR
   833  00028E  0E03               	movlw	3
   834  000290  160D               	andwf	??_Hi_ISR^0,f,c
   835  000292  3A0D               	swapf	??_Hi_ISR^0,f,c
   836  000294  50BD               	movf	189,w,c	;volatile
   837  000296  180D               	xorwf	??_Hi_ISR^0,w,c
   838  000298  0BCF               	andlw	-49
   839  00029A  180D               	xorwf	??_Hi_ISR^0,w,c
   840  00029C  6EBD               	movwf	189,c	;volatile
   841                           
   842                           ;breathing_light.c: 243:         }
   843  00029E  EFD7  F001         	goto	i2l95
   844  0002A2                     i2l890:
   845  0002A2  500B               	movf	_light_incr^0,w,c
   846  0002A4  100C               	iorwf	(_light_incr+1)^0,w,c
   847  0002A6  A4D8               	btfss	status,2,c
   848  0002A8  EF58  F001         	goto	i2u15_41
   849  0002AC  EF5A  F001         	goto	i2u15_40
   850  0002B0                     i2u15_41:
   851  0002B0  EF33  F001         	goto	i2l886
   852  0002B4                     i2u15_40:
   853  0002B4  0407               	decf	_light_decr^0,w,c
   854  0002B6  1008               	iorwf	(_light_decr+1)^0,w,c
   855  0002B8  A4D8               	btfss	status,2,c
   856  0002BA  EF61  F001         	goto	i2u16_41
   857  0002BE  EF63  F001         	goto	i2u16_40
   858  0002C2                     i2u16_41:
   859  0002C2  EF33  F001         	goto	i2l886
   860  0002C6                     i2u16_40:
   861  0002C6                     
   862                           ;breathing_light.c: 245:         {;breathing_light.c: 246:             if(temp_for_DC1B 
      +                          <= 1) {
   863  0002C6  BE06               	btfsc	(_temp_for_DC1B+1)^0,7,c
   864  0002C8  EF71  F001         	goto	i2u17_40
   865  0002CC  5006               	movf	(_temp_for_DC1B+1)^0,w,c
   866  0002CE  E107               	bnz	i2u17_41
   867  0002D0  0E02               	movlw	2
   868  0002D2  5C05               	subwf	_temp_for_DC1B^0,w,c
   869  0002D4  B0D8               	btfsc	status,0,c
   870  0002D6  EF6F  F001         	goto	i2u17_41
   871  0002DA  EF71  F001         	goto	i2u17_40
   872  0002DE                     i2u17_41:
   873  0002DE  EF7B  F001         	goto	i2l900
   874  0002E2                     i2u17_40:
   875  0002E2                     
   876                           ;breathing_light.c: 247:                 light_incr = 1;
   877  0002E2  0E00               	movlw	0
   878  0002E4  6E0C               	movwf	(_light_incr+1)^0,c
   879  0002E6  0E01               	movlw	1
   880  0002E8  6E0B               	movwf	_light_incr^0,c
   881                           
   882                           ;breathing_light.c: 248:                 light_decr = 0;
   883  0002EA  0E00               	movlw	0
   884  0002EC  6E08               	movwf	(_light_decr+1)^0,c
   885  0002EE  0E00               	movlw	0
   886  0002F0  6E07               	movwf	_light_decr^0,c
   887  0002F2  EFD7  F001         	goto	i2l95
   888  0002F6                     i2l900:
   889                           
   890                           ;breathing_light.c: 251:             temp_for_DC1B -= 2;
   891  0002F6  0EFE               	movlw	254
   892  0002F8  2605               	addwf	_temp_for_DC1B^0,f,c
   893  0002FA  0EFF               	movlw	255
   894  0002FC  2206               	addwfc	(_temp_for_DC1B+1)^0,f,c
   895                           
   896                           ;breathing_light.c: 252:             CCPR1L = temp_for_DC1B >> 2;
   897  0002FE  C005  F00D         	movff	_temp_for_DC1B,??_Hi_ISR
   898  000302  C006  F00E         	movff	_temp_for_DC1B+1,??_Hi_ISR+1
   899  000306  340E               	rlcf	(??_Hi_ISR+1)^0,w,c
   900  000308  320E               	rrcf	(??_Hi_ISR+1)^0,f,c
   901  00030A  320D               	rrcf	??_Hi_ISR^0,f,c
   902  00030C  340E               	rlcf	(??_Hi_ISR+1)^0,w,c
   903  00030E  320E               	rrcf	(??_Hi_ISR+1)^0,f,c
   904  000310  320D               	rrcf	??_Hi_ISR^0,f,c
   905  000312  500D               	movf	??_Hi_ISR^0,w,c
   906  000314  6EBE               	movwf	190,c	;volatile
   907                           
   908                           ;breathing_light.c: 254:             CCP1CONbits.DC1B = temp_for_DC1B & 0b00000011;
   909  000316  C005  F00D         	movff	_temp_for_DC1B,??_Hi_ISR
   910  00031A  0E03               	movlw	3
   911  00031C  160D               	andwf	??_Hi_ISR^0,f,c
   912  00031E  3A0D               	swapf	??_Hi_ISR^0,f,c
   913  000320  50BD               	movf	189,w,c	;volatile
   914  000322  180D               	xorwf	??_Hi_ISR^0,w,c
   915  000324  0BCF               	andlw	-49
   916  000326  180D               	xorwf	??_Hi_ISR^0,w,c
   917  000328  6EBD               	movwf	189,c	;volatile
   918  00032A  EFD7  F001         	goto	i2l95
   919  00032E                     i2l92:
   920                           
   921                           ;breathing_light.c: 258:         TMR1IF = 0;
   922  00032E  909E               	bcf	3998,0,c	;volatile
   923                           
   924                           ;breathing_light.c: 259:         INTCONbits.INT0IF = 0;
   925  000330  92F2               	bcf	242,1,c	;volatile
   926  000332                     
   927                           ;breathing_light.c: 260:         if(switch_A == 0){
   928  000332  5011               	movf	_switch_A^0,w,c
   929  000334  1012               	iorwf	(_switch_A+1)^0,w,c
   930  000336  A4D8               	btfss	status,2,c
   931  000338  EFA0  F001         	goto	i2u18_41
   932  00033C  EFA2  F001         	goto	i2u18_40
   933  000340                     i2u18_41:
   934  000340  EFB0  F001         	goto	i2l910
   935  000344                     i2u18_40:
   936  000344                     
   937                           ;breathing_light.c: 261:             CCPR1L = 10;
   938  000344  0E0A               	movlw	10
   939  000346  6EBE               	movwf	190,c	;volatile
   940  000348                     
   941                           ;breathing_light.c: 262:             _delay(20000);
   942  000348  0E1A               	movlw	26
   943  00034A  6E0D               	movwf	??_Hi_ISR^0,c
   944  00034C  0EF8               	movlw	248
   945  00034E                     i2u29_47:
   946  00034E  2EE8               	decfsz	wreg,f,c
   947  000350  D7FE               	bra	i2u29_47
   948  000352  2E0D               	decfsz	??_Hi_ISR^0,f,c
   949  000354  D7FC               	bra	i2u29_47
   950  000356  D000               	nop2	
   951  000358                     
   952                           ;breathing_light.c: 263:             switch_A = 1;
   953  000358  0E00               	movlw	0
   954  00035A  6E12               	movwf	(_switch_A+1)^0,c
   955  00035C  0E01               	movlw	1
   956  00035E  6E11               	movwf	_switch_A^0,c
   957  000360                     i2l910:
   958                           
   959                           ;breathing_light.c: 265:         if(switch_A == 1){
   960  000360  0411               	decf	_switch_A^0,w,c
   961  000362  1012               	iorwf	(_switch_A+1)^0,w,c
   962  000364  A4D8               	btfss	status,2,c
   963  000366  EFB7  F001         	goto	i2u19_41
   964  00036A  EFB9  F001         	goto	i2u19_40
   965  00036E                     i2u19_41:
   966  00036E  EFC7  F001         	goto	i2l918
   967  000372                     i2u19_40:
   968  000372                     
   969                           ;breathing_light.c: 266:             CCPR1L = 0;
   970  000372  0E00               	movlw	0
   971  000374  6EBE               	movwf	190,c	;volatile
   972  000376                     
   973                           ;breathing_light.c: 267:             _delay(20000);
   974  000376  0E1A               	movlw	26
   975  000378  6E0D               	movwf	??_Hi_ISR^0,c
   976  00037A  0EF8               	movlw	248
   977  00037C                     i2u30_47:
   978  00037C  2EE8               	decfsz	wreg,f,c
   979  00037E  D7FE               	bra	i2u30_47
   980  000380  2E0D               	decfsz	??_Hi_ISR^0,f,c
   981  000382  D7FC               	bra	i2u30_47
   982  000384  D000               	nop2	
   983  000386                     
   984                           ;breathing_light.c: 268:             switch_A = 0;
   985  000386  0E00               	movlw	0
   986  000388  6E12               	movwf	(_switch_A+1)^0,c
   987  00038A  0E00               	movlw	0
   988  00038C  6E11               	movwf	_switch_A^0,c
   989  00038E                     i2l918:
   990                           
   991                           ;breathing_light.c: 270:         light_twenty_times++;
   992  00038E  4A01               	infsnz	_light_twenty_times^0,f,c
   993  000390  2A02               	incf	(_light_twenty_times+1)^0,f,c
   994                           
   995                           ;breathing_light.c: 271:         if(light_twenty_times == 20) {
   996  000392  0E14               	movlw	20
   997  000394  1801               	xorwf	_light_twenty_times^0,w,c
   998  000396  1002               	iorwf	(_light_twenty_times+1)^0,w,c
   999  000398  A4D8               	btfss	status,2,c
  1000  00039A  EFD1  F001         	goto	i2u20_41
  1001  00039E  EFD3  F001         	goto	i2u20_40
  1002  0003A2                     i2u20_41:
  1003  0003A2  EFD7  F001         	goto	i2l95
  1004  0003A6                     i2u20_40:
  1005  0003A6                     
  1006                           ;breathing_light.c: 272:             big_price = 0;
  1007  0003A6  0E00               	movlw	0
  1008  0003A8  6E04               	movwf	(_big_price+1)^0,c
  1009  0003AA  0E00               	movlw	0
  1010  0003AC  6E03               	movwf	_big_price^0,c
  1011  0003AE                     i2l95:
  1012  0003AE  9213               	bcf	int$flags,1,c	;clear compiler interrupt flag (level 2)
  1013  0003B0  0011               	retfie		f
  1014  0003B2                     __end_of_Hi_ISR:
  1015                           	opt callstack 0
  1016  0000                     
  1017                           	psect	rparam
  1018  0000                     
  1019                           	psect	temp
  1020  000013                     btemp:
  1021                           	opt callstack 0
  1022  000013                     	ds	1
  1023  0000                     int$flags	set	btemp
  1024  0000                     wtemp8	set	btemp+1
  1025  0000                     ttemp5	set	btemp+1
  1026  0000                     ttemp6	set	btemp+4
  1027  0000                     ttemp7	set	btemp+8
  1028                           tosu	equ	0xFFF
  1029                           tosh	equ	0xFFE
  1030                           tosl	equ	0xFFD
  1031                           stkptr	equ	0xFFC
  1032                           pclatu	equ	0xFFB
  1033                           pclath	equ	0xFFA
  1034                           pcl	equ	0xFF9
  1035                           tblptru	equ	0xFF8
  1036                           tblptrh	equ	0xFF7
  1037                           tblptrl	equ	0xFF6
  1038                           tablat	equ	0xFF5
  1039                           prodh	equ	0xFF4
  1040                           prodl	equ	0xFF3
  1041                           indf0	equ	0xFEF
  1042                           postinc0	equ	0xFEE
  1043                           postdec0	equ	0xFED
  1044                           preinc0	equ	0xFEC
  1045                           plusw0	equ	0xFEB
  1046                           fsr0h	equ	0xFEA
  1047                           fsr0l	equ	0xFE9
  1048                           wreg	equ	0xFE8
  1049                           indf1	equ	0xFE7
  1050                           postinc1	equ	0xFE6
  1051                           postdec1	equ	0xFE5
  1052                           preinc1	equ	0xFE4
  1053                           plusw1	equ	0xFE3
  1054                           fsr1h	equ	0xFE2
  1055                           fsr1l	equ	0xFE1
  1056                           bsr	equ	0xFE0
  1057                           indf2	equ	0xFDF
  1058                           postinc2	equ	0xFDE
  1059                           postdec2	equ	0xFDD
  1060                           preinc2	equ	0xFDC
  1061                           plusw2	equ	0xFDB
  1062                           fsr2h	equ	0xFDA
  1063                           fsr2l	equ	0xFD9
  1064                           status	equ	0xFD8


Data Sizes:
    Strings     0
    Constant    0
    Data        2
    BSS         8
    Persistent  4
    Stack       0

Auto Spaces:
    Space          Size  Autos    Used
    COMRAM          126      4      18
    BANK0           128      0       0
    BANK1           256      0       0
    BANK2           256      0       0
    BANK3           256      0       0
    BANK4           256      0       0
    BANK5           244      0       0

Pointer List with Targets:

    None.

Critical Paths under _main in COMRAM

    _main->_LED_Init

Critical Paths under _Hi_ISR in COMRAM

    None.

Critical Paths under _main in BANK0

    None.

Critical Paths under _Hi_ISR in BANK0

    None.

Critical Paths under _main in BANK1

    None.

Critical Paths under _Hi_ISR in BANK1

    None.

Critical Paths under _main in BANK2

    None.

Critical Paths under _Hi_ISR in BANK2

    None.

Critical Paths under _main in BANK3

    None.

Critical Paths under _Hi_ISR in BANK3

    None.

Critical Paths under _main in BANK4

    None.

Critical Paths under _Hi_ISR in BANK4

    None.

Critical Paths under _main in BANK5

    None.

Critical Paths under _Hi_ISR in BANK5

    None.

Call Graph Tables:

 ---------------------------------------------------------------------------------
 (Depth) Function   	        Calls       Base Space   Used Autos Params    Refs
 ---------------------------------------------------------------------------------
 (0) _main                                                 0     0      0       0
                           _LED_Init
 ---------------------------------------------------------------------------------
 (1) _LED_Init                                             2     2      0       0
                                              2 COMRAM     2     2      0
 ---------------------------------------------------------------------------------
 Estimated maximum stack depth 1
 ---------------------------------------------------------------------------------
 (Depth) Function   	        Calls       Base Space   Used Autos Params    Refs
 ---------------------------------------------------------------------------------
 (2) _Hi_ISR                                               2     2      0       0
                                              0 COMRAM     2     2      0
 ---------------------------------------------------------------------------------
 Estimated maximum stack depth 2
 ---------------------------------------------------------------------------------

 Call Graph Graphs:

 _main (ROOT)
   _LED_Init

 _Hi_ISR (ROOT)

 Address spaces:
Name               Size   Autos  Total    Cost      Usage
BIGRAM             5F3      0       0      16        0.0%
EEDATA             100      0       0       0        0.0%
BITBANK4           100      0       0      11        0.0%
BANK4              100      0       0      12        0.0%
BITBANK3           100      0       0       9        0.0%
BANK3              100      0       0      10        0.0%
BITBANK2           100      0       0       7        0.0%
BANK2              100      0       0       8        0.0%
BITBANK1           100      0       0       5        0.0%
BANK1              100      0       0       6        0.0%
BITBANK5            F4      0       0      15        0.0%
BANK5               F4      0       0      13        0.0%
BITBANK0            80      0       0       3        0.0%
BANK0               80      0       0       4        0.0%
BITCOMRAM           7E      0       0       0        0.0%
COMRAM              7E      4      12       1       14.3%
BITSFR_5             0      0       0     200        0.0%
SFR_5                0      0       0     200        0.0%
BITSFR_4             0      0       0     200        0.0%
SFR_4                0      0       0     200        0.0%
BITSFR_3             0      0       0     200        0.0%
SFR_3                0      0       0     200        0.0%
BITSFR_2             0      0       0     200        0.0%
SFR_2                0      0       0     200        0.0%
BITSFR_1             0      0       0     200        0.0%
SFR_1                0      0       0     200        0.0%
BITSFR               0      0       0     200        0.0%
SFR                  0      0       0     200        0.0%
STACK                0      0       0       2        0.0%
NULL                 0      0       0       0        0.0%
ABS                  0      0      12      14        0.0%
DATA                 0      0      12      17        0.0%
CODE                 0      0       0       0        0.0%


Microchip Technology PIC18 Macro Assembler V2.10 build 88905656 
Symbol Table                                                                                   Mon Dec 30 02:39:16 2019

                     l60 046C                       l65 0434                       l66 0434  
                     l59 046C              __CFG_BORV$3 000000             __CFG_CP0$OFF 000000  
           __CFG_CP1$OFF 000000             __CFG_CP2$OFF 000000             __CFG_CP3$OFF 000000  
                    l800 03E4                      l810 0424                      l802 03E6  
                    l820 042E                      l812 0426                      l804 03E8  
                    l822 0430                      l814 0428                      l806 0406  
                    l824 0432                      l816 042A                      l808 0420  
                    l818 042C                      l826 0468                      l780 03B6  
                    l790 03D2                      l782 03BE                      l792 03D4  
                    l784 03C0                      l794 03D6                      l786 03CE  
                    l778 03B2                      l796 03D8                      l788 03D0  
                    l798 03DA             __CFG_CPB$OFF 000000                      _PR2 000FCB  
           __CFG_CPD$OFF 000000                      wreg 000FE8             __CFG_LVP$OFF 000000  
           __CFG_WDT$OFF 000000                     i2l80 00DC                     i2l73 00DE  
                   i2l82 01CC                     i2l83 01CA                     i2l92 032E  
                   i2l95 03AE                     _TMR1 000FCE                     _TMR2 000FCC  
                   _main 0468                     btemp 0013                     start 000E  
          __CFG_IESO$OFF 000000            __CFG_MCLRE$ON 000000             ___param_bank 000000  
       __end_of_LED_Init 043A                    ?_main 000D                    _T2CON 000FCA  
                  i2l900 02F6                    i2l910 0360                    i2l902 0332  
                  i2l830 0022                    i2l920 03A6                    i2l912 0372  
                  i2l904 0344                    i2l840 008C                    i2l832 0028  
                  i2l914 0376                    i2l906 0348                    i2l850 00F6  
                  i2l842 00CE                    i2l834 0036                    i2l916 0386  
                  i2l908 0358                    i2l860 0124                    i2l852 00F8  
                  i2l844 00EC                    i2l836 0076                    i2l828 0014  
                  i2l918 038E                    i2l870 01DA                    i2l862 0164  
                  i2l854 00FA                    i2l846 00F0                    i2l838 0084  
                  i2l880 0224                    i2l872 01EE                    i2l864 0172  
                  i2l856 0108                    i2l848 00F4                    i2l882 0236  
                  i2l890 02A2                    i2l874 01FC                    i2l866 017A  
                  i2l858 0116                    i2l892 02B4                    i2l884 0252  
                  i2l876 020E                    i2l868 01BC                    i2l894 02C6  
                  i2l886 0266                    i2l878 0212                    i2l896 02E2  
                  i2l888 026A            __CFG_PWRT$OFF 000000            __CFG_WRT0$OFF 000000  
          __CFG_WRT1$OFF 000000            __CFG_WRT2$OFF 000000            __CFG_WRT3$OFF 000000  
         __CFG_EBTR0$OFF 000000           __CFG_FCMEN$OFF 000000           __CFG_EBTR1$OFF 000000  
         __CFG_EBTR2$OFF 000000           __CFG_EBTR3$OFF 000000            __CFG_WRTB$OFF 000000  
          __CFG_WRTC$OFF 000000            __CFG_WRTD$OFF 000000           __CFG_EBTRB$OFF 000000  
                  tablat 000FF5                    ttemp5 0014                    ttemp6 0017  
                  ttemp7 001B                    status 000FD8                    wtemp8 0014  
        __initialization 043A             __end_of_main 0474                   ??_main 0011  
          __activetblptr 000000                   _CCPR1L 000FBE                   _CCPR2L 000FBB  
                 _TMR1IF 007CF0                   i2u1_40 0022                   i2u1_41 001E  
                 i2u2_40 0076                   i2u2_41 0072                   i2u3_40 00CE  
                 i2u3_41 00CA                   i2u4_40 00EC                   i2u4_41 00E8  
                 i2u5_40 0116                   i2u5_41 0112                   i2u6_40 0164  
                 i2u6_41 0160                   i2u7_40 01BC                   i2u7_41 01B8  
                 i2u8_40 01DA                   i2u8_41 01D6                   i2u9_40 01EE  
                 i2u9_41 01EA                   _Hi_ISR 0008           __CFG_XINST$OFF 000000  
         __CFG_STVREN$ON 000000                   clear_0 0458             __pdataCOMRAM 0011  
                 tblptrh 000FF7                   tblptrl 000FF6                   tblptru 000FF8  
             __accesstop 0080  __end_of__initialization 045E          __CFG_PBADEN$OFF 000000  
              ?_LED_Init 000D            ___rparam_used 000001           __pcstackCOMRAM 000D  
     _light_twenty_times 0001               ??_LED_Init 000F               __pnvCOMRAM 0009  
                ?_Hi_ISR 000D                  i2u10_40 01FC                  i2u10_41 01F8  
                i2u11_40 020E                  i2u11_41 020A                  i2u20_40 03A6  
                i2u12_40 0224                  i2u20_41 03A2                  i2u12_41 0220  
                i2u13_40 0236                  i2u13_41 0232                  i2u21_47 002E  
                i2u14_40 0252                  i2u14_41 024E                  i2u30_47 037C  
                i2u22_47 007C                  i2u15_40 02B4                  i2u15_41 02B0  
                i2u23_47 0086                  i2u16_40 02C6                  i2u16_41 02C2  
                i2u24_47 00D4                  i2u17_40 02E2                  i2u17_41 02DE  
                i2u25_47 011C                  i2u18_40 0344                  i2u18_41 0340  
                i2u26_47 016A                  i2u19_40 0372                  i2u19_41 036E  
                i2u27_47 0174                  i2u28_47 01C2                  i2u29_47 034E  
        __size_of_Hi_ISR 03AA                  __Hparam 0000                  __Lparam 0000  
             _light_decr 0007               _light_incr 000B                  __pcinit 043A  
                __ramtop 0600                  __ptext0 0468                  __ptext1 03B2  
              _T1CONbits 000FCD           __pintcode_body 0012     end_of_initialization 045E  
                int_func 0012                  postinc0 000FEE                _TRISCbits 000F94  
            _CCP1CONbits 000FBD              _CCP2CONbits 000FBA           __end_of_Hi_ISR 03B2  
      __size_of_LED_Init 0088            __pidataCOMRAM 0474      start_initialization 043A  
       __CFG_OSC$INTIO67 000000                 ??_Hi_ISR 000D         __CFG_LPT1OSC$OFF 000000  
            __pbssCOMRAM 0001                _big_price 0003        __CFG_CCP2MX$PORTC 000000  
              __pintcode 0008                 _LED_Init 03B2                 _IPR1bits 000F9F  
               _PIE1bits 000F9D                 _PIR1bits 000F9E                 _RCONbits 000FD0  
       __CFG_WDTPS$32768 000000            _temp_for_DC1B 0005            _temp_for_DC2B 0009  
            _INTCON2bits 000FF1              _INTCON3bits 000FF0                 __Hrparam 0000  
               __Lrparam 0000       __CFG_BOREN$SBORDIS 000000            __size_of_main 000C  
               int$flags 0013                 _switch_A 0011               _INTCONbits 000FF2  
               intlevel2 0000  
